<?xml version="1.0" encoding="UTF-8" standalone="no"?>
<!DOCTYPE log SYSTEM "logger.dtd">
<log>
<record>
  <date>2019-07-06T09:48:54.173141Z</date>
  <millis>1562406534173</millis>
  <nanos>141000</nanos>
  <sequence>0</sequence>
  <logger>root</logger>
  <level>INFO</level>
  <class>SimpleTradingBot.Main.Schedule</class>
  <method>main</method>
  <thread>1</thread>
  <message>Pinging server... </message>
</record>
<record>
  <date>2019-07-06T09:48:55.416663Z</date>
  <millis>1562406535416</millis>
  <nanos>663000</nanos>
  <sequence>1</sequence>
  <logger>root</logger>
  <level>INFO</level>
  <class>SimpleTradingBot.Main.Schedule</class>
  <method>main</method>
  <thread>1</thread>
  <message>Ping successful</message>
</record>
<record>
  <date>2019-07-06T09:48:55.417168Z</date>
  <millis>1562406535417</millis>
  <nanos>168000</nanos>
  <sequence>2</sequence>
  <logger>root</logger>
  <level>INFO</level>
  <class>SimpleTradingBot.Main.Schedule</class>
  <method>main</method>
  <thread>1</thread>
  <message>Checking server time difference...</message>
</record>
<record>
  <date>2019-07-06T09:48:55.732755Z</date>
  <millis>1562406535732</millis>
  <nanos>755000</nanos>
  <sequence>3</sequence>
  <logger>root</logger>
  <level>INFO</level>
  <class>SimpleTradingBot.Main.Schedule</class>
  <method>main</method>
  <thread>1</thread>
  <message>Server time: 1562406535560, Client time: 1562406535732</message>
</record>
<record>
  <date>2019-07-06T09:48:55.733360Z</date>
  <millis>1562406535733</millis>
  <nanos>360000</nanos>
  <sequence>4</sequence>
  <logger>root</logger>
  <level>INFO</level>
  <class>SimpleTradingBot.Main.Schedule</class>
  <method>main</method>
  <thread>1</thread>
  <message>Server time difference: (-172)</message>
</record>
<record>
  <date>2019-07-06T09:48:55.733798Z</date>
  <millis>1562406535733</millis>
  <nanos>798000</nanos>
  <sequence>5</sequence>
  <logger>root</logger>
  <level>INFO</level>
  <class>SimpleTradingBot.Main.Schedule</class>
  <method>main</method>
  <thread>1</thread>
  <message>Initialising configuration settings...</message>
</record>
<record>
  <date>2019-07-06T09:48:55.735556Z</date>
  <millis>1562406535735</millis>
  <nanos>556000</nanos>
  <sequence>6</sequence>
  <logger>root</logger>
  <level>INFO</level>
  <class>SimpleTradingBot.Main.Schedule</class>
  <method>main</method>
  <thread>1</thread>
  <message>Configuration complete</message>
</record>
<record>
  <date>2019-07-06T09:48:55.736048Z</date>
  <millis>1562406535736</millis>
  <nanos>48000</nanos>
  <sequence>7</sequence>
  <logger>root</logger>
  <level>INFO</level>
  <class>SimpleTradingBot.Main.Schedule</class>
  <method>main</method>
  <thread>1</thread>
  <message>Requesting exchange information...</message>
</record>
<record>
  <date>2019-07-06T09:48:56.230420Z</date>
  <millis>1562406536230</millis>
  <nanos>420000</nanos>
  <sequence>8</sequence>
  <logger>root</logger>
  <level>INFO</level>
  <class>SimpleTradingBot.Main.Schedule</class>
  <method>main</method>
  <thread>1</thread>
  <message>Received exchange information</message>
</record>
<record>
  <date>2019-07-06T09:48:56.230929Z</date>
  <millis>1562406536230</millis>
  <nanos>929000</nanos>
  <sequence>9</sequence>
  <logger>root</logger>
  <level>INFO</level>
  <class>SimpleTradingBot.Main.Schedule</class>
  <method>main</method>
  <thread>1</thread>
  <message>Setting rate limits...</message>
</record>
<record>
  <date>2019-07-06T09:48:56.231349Z</date>
  <millis>1562406536231</millis>
  <nanos>349000</nanos>
  <sequence>10</sequence>
  <logger>root</logger>
  <level>INFO</level>
  <class>SimpleTradingBot.Main.Schedule</class>
  <method>main</method>
  <thread>1</thread>
  <message>Requesting 24hr statistics on all symbols...</message>
</record>
<record>
  <date>2019-07-06T09:48:56.999407Z</date>
  <millis>1562406536999</millis>
  <nanos>407000</nanos>
  <sequence>11</sequence>
  <logger>root</logger>
  <level>INFO</level>
  <class>SimpleTradingBot.Main.Schedule</class>
  <method>main</method>
  <thread>1</thread>
  <message>Succesfully received 568 symbols</message>
</record>
<record>
  <date>2019-07-06T09:48:57.000521Z</date>
  <millis>1562406537000</millis>
  <nanos>521000</nanos>
  <sequence>12</sequence>
  <logger>root</logger>
  <level>INFO</level>
  <class>SimpleTradingBot.Main.Schedule</class>
  <method>main</method>
  <thread>1</thread>
  <message>Filtering symbols based on exchange information, under the following predicate: Min volume: 10000, TRADING, MARKET</message>
</record>
<record>
  <date>2019-07-06T09:48:57.034843Z</date>
  <millis>1562406537034</millis>
  <nanos>843000</nanos>
  <sequence>13</sequence>
  <logger>root</logger>
  <level>INFO</level>
  <class>SimpleTradingBot.Main.Schedule</class>
  <method>main</method>
  <thread>1</thread>
  <message>Filtering successful. 568 symbols remaining</message>
</record>
<record>
  <date>2019-07-06T09:48:57.035311Z</date>
  <millis>1562406537035</millis>
  <nanos>311000</nanos>
  <sequence>14</sequence>
  <logger>root</logger>
  <level>INFO</level>
  <class>SimpleTradingBot.Main.Schedule</class>
  <method>main</method>
  <thread>1</thread>
  <message>Removing duplicate assets...</message>
</record>
<record>
  <date>2019-07-06T09:48:57.053204Z</date>
  <millis>1562406537053</millis>
  <nanos>204000</nanos>
  <sequence>15</sequence>
  <logger>root</logger>
  <level>INFO</level>
  <class>SimpleTradingBot.Main.Schedule</class>
  <method>main</method>
  <thread>1</thread>
  <message>Removed duplicates. 174 symbols remaining</message>
</record>
<record>
  <date>2019-07-06T09:48:57.054041Z</date>
  <millis>1562406537054</millis>
  <nanos>41000</nanos>
  <sequence>16</sequence>
  <logger>root</logger>
  <level>INFO</level>
  <class>SimpleTradingBot.Main.Schedule</class>
  <method>main</method>
  <thread>1</thread>
  <message>Sorting symbols under the following comparator: PRICE_CHANGE_PERCENT</message>
</record>
<record>
  <date>2019-07-06T09:48:57.060950Z</date>
  <millis>1562406537060</millis>
  <nanos>950000</nanos>
  <sequence>17</sequence>
  <logger>root</logger>
  <level>INFO</level>
  <class>SimpleTradingBot.Main.Schedule</class>
  <method>main</method>
  <thread>1</thread>
  <message>Sorting complete. Selecting first 1 symbols.</message>
</record>
<record>
  <date>2019-07-06T09:48:57.061414Z</date>
  <millis>1562406537061</millis>
  <nanos>414000</nanos>
  <sequence>18</sequence>
  <logger>root</logger>
  <level>INFO</level>
  <class>SimpleTradingBot.Main.Schedule</class>
  <method>main</method>
  <thread>1</thread>
  <message>Creating symbol constraints...</message>
</record>
<record>
  <date>2019-07-06T09:48:57.064423Z</date>
  <millis>1562406537064</millis>
  <nanos>423000</nanos>
  <sequence>19</sequence>
  <logger>root</logger>
  <level>INFO</level>
  <class>SimpleTradingBot.Main.Schedule</class>
  <method>main</method>
  <thread>1</thread>
  <message>Successfully retrieved symbol constraints</message>
</record>
<record>
  <date>2019-07-06T09:48:57.064826Z</date>
  <millis>1562406537064</millis>
  <nanos>826000</nanos>
  <sequence>20</sequence>
  <logger>root</logger>
  <level>INFO</level>
  <class>SimpleTradingBot.Main.Schedule</class>
  <method>main</method>
  <thread>1</thread>
  <message>Beginning live stream of symbolWTCBTC</message>
</record>
<record>
  <date>2019-07-06T09:48:57.358005Z</date>
  <millis>1562406537358</millis>
  <nanos>5000</nanos>
  <sequence>21</sequence>
  <logger>root.WTCBTC</logger>
  <level>INFO</level>
  <class>SimpleTradingBot.Controller.TimeKeeper</class>
  <method>checkServerTime</method>
  <thread>1</thread>
  <message>Server time difference: -150</message>
</record>
<record>
  <date>2019-07-06T09:48:57.691214Z</date>
  <millis>1562406537691</millis>
  <nanos>214000</nanos>
  <sequence>22</sequence>
  <logger>root.WTCBTC</logger>
  <level>INFO</level>
  <class>SimpleTradingBot.Controller.Controller</class>
  <method>initSeries</method>
  <thread>1</thread>
  <message>Initialising timeseries with 500 bars</message>
</record>
<record>
  <date>2019-07-06T09:48:57.760985Z</date>
  <millis>1562406537760</millis>
  <nanos>985000</nanos>
  <sequence>23</sequence>
  <logger>root.am</logger>
  <level>INFO</level>
  <class>SimpleTradingBot.Services.AccountManager</class>
  <method>register</method>
  <thread>1</thread>
  <message>Registering controller: WTCBTC</message>
</record>
<record>
  <date>2019-07-06T09:48:57.761560Z</date>
  <millis>1562406537761</millis>
  <nanos>560000</nanos>
  <sequence>24</sequence>
  <logger>root.WTCBTC</logger>
  <level>INFO</level>
  <class>SimpleTradingBot.Controller.Controller</class>
  <method>liveStream</method>
  <thread>1</thread>
  <message>Attempting data stream....</message>
</record>
<record>
  <date>2019-07-06T09:48:57.840306Z</date>
  <millis>1562406537840</millis>
  <nanos>306000</nanos>
  <sequence>25</sequence>
  <logger>root.WTCBTC</logger>
  <level>INFO</level>
  <class>SimpleTradingBot.Controller.Controller</class>
  <method>liveStream</method>
  <thread>1</thread>
  <message>Connected to WSS data stream at 10:48, WTCBTC</message>
</record>
<record>
  <date>2019-07-06T09:48:57.840848Z</date>
  <millis>1562406537840</millis>
  <nanos>848000</nanos>
  <sequence>26</sequence>
  <logger>root</logger>
  <level>INFO</level>
  <class>SimpleTradingBot.Main.Schedule</class>
  <method>main</method>
  <thread>1</thread>
  <message>Initialising services..</message>
</record>
<record>
  <date>2019-07-06T09:48:57.841045Z</date>
  <millis>1562406537841</millis>
  <nanos>45000</nanos>
  <sequence>27</sequence>
  <logger>root</logger>
  <level>INFO</level>
  <class>SimpleTradingBot.Main.Schedule</class>
  <method>main</method>
  <thread>1</thread>
  <message>Instantiating AccountManager service...</message>
</record>
<record>
  <date>2019-07-06T09:48:58.938216Z</date>
  <millis>1562406538938</millis>
  <nanos>216000</nanos>
  <sequence>28</sequence>
  <logger>root.asm</logger>
  <level>INFO</level>
  <class>SimpleTradingBot.Services.AssetManager</class>
  <method>setBalances</method>
  <thread>1</thread>
  <message>Setting balances with remaining balance of: 0.00000000 BTC</message>
</record>
<record>
  <date>2019-07-06T09:48:58.938559Z</date>
  <millis>1562406538938</millis>
  <nanos>559000</nanos>
  <sequence>29</sequence>
  <logger>root.asm</logger>
  <level>INFO</level>
  <class>SimpleTradingBot.Services.AssetManager</class>
  <method>setBalances</method>
  <thread>1</thread>
  <message>Setting next quantity of 25 for constraint WTCBTC</message>
</record>
<record>
  <date>2019-07-06T09:48:58.940868Z</date>
  <millis>1562406538940</millis>
  <nanos>868000</nanos>
  <sequence>30</sequence>
  <logger>root</logger>
  <level>INFO</level>
  <class>SimpleTradingBot.Main.Schedule</class>
  <method>main</method>
  <thread>1</thread>
  <message>AccountManager service instantiated</message>
</record>
<record>
  <date>2019-07-06T09:48:58.941401Z</date>
  <millis>1562406538941</millis>
  <nanos>401000</nanos>
  <sequence>31</sequence>
  <logger>root</logger>
  <level>INFO</level>
  <class>SimpleTradingBot.Main.Schedule</class>
  <method>main</method>
  <thread>1</thread>
  <message>AssetManager service instantiated</message>
</record>
<record>
  <date>2019-07-06T09:48:58.941637Z</date>
  <millis>1562406538941</millis>
  <nanos>637000</nanos>
  <sequence>32</sequence>
  <logger>root</logger>
  <level>INFO</level>
  <class>SimpleTradingBot.Main.Schedule</class>
  <method>main</method>
  <thread>1</thread>
  <message>Scheduling execution of services...</message>
</record>
<record>
  <date>2019-07-06T09:48:58.944057Z</date>
  <millis>1562406538944</millis>
  <nanos>57000</nanos>
  <sequence>33</sequence>
  <logger>root</logger>
  <level>INFO</level>
  <class>SimpleTradingBot.Main.Schedule</class>
  <method>main</method>
  <thread>1</thread>
  <message>Successfully scheduled KeepAlive service</message>
</record>
<record>
  <date>2019-07-06T09:48:58.944312Z</date>
  <millis>1562406538944</millis>
  <nanos>312000</nanos>
  <sequence>34</sequence>
  <logger>root</logger>
  <level>INFO</level>
  <class>SimpleTradingBot.Main.Schedule</class>
  <method>main</method>
  <thread>1</thread>
  <message>Executing AccountManager at rate of 1 minute(s), with initial delay of 1 minute(s)</message>
</record>
<record>
  <date>2019-07-06T09:48:58.946105Z</date>
  <millis>1562406538946</millis>
  <nanos>105000</nanos>
  <sequence>35</sequence>
  <logger>root</logger>
  <level>INFO</level>
  <class>SimpleTradingBot.Main.Schedule</class>
  <method>main</method>
  <thread>1</thread>
  <message>Successfully scheduled AccountManager service</message>
</record>
<record>
  <date>2019-07-06T09:48:58.950172Z</date>
  <millis>1562406538950</millis>
  <nanos>172000</nanos>
  <sequence>37</sequence>
  <logger>root</logger>
  <level>INFO</level>
  <class>SimpleTradingBot.Main.Schedule</class>
  <method>main</method>
  <thread>1</thread>
  <message>Successfully scheduled AssetManager service</message>
</record>
<record>
  <date>2019-07-06T09:48:58.947207Z</date>
  <millis>1562406538947</millis>
  <nanos>207000</nanos>
  <sequence>36</sequence>
  <logger>root.asm</logger>
  <level>INFO</level>
  <class>SimpleTradingBot.Services.AssetManager</class>
  <method>maintain</method>
  <thread>21</thread>
  <message>Performing maintenance</message>
</record>
<record>
  <date>2019-07-06T09:48:58.951024Z</date>
  <millis>1562406538951</millis>
  <nanos>24000</nanos>
  <sequence>38</sequence>
  <logger>root</logger>
  <level>INFO</level>
  <class>SimpleTradingBot.Main.Schedule</class>
  <method>main</method>
  <thread>1</thread>
  <message>Finished selecting symbols. Joining child threads....</message>
</record>
<record>
  <date>2019-07-06T09:49:00.247546Z</date>
  <millis>1562406540247</millis>
  <nanos>546000</nanos>
  <sequence>39</sequence>
  <logger>root.WTCBTC</logger>
  <level>INFO</level>
  <class>SimpleTradingBot.Controller.Controller</class>
  <method>checkExitQueue</method>
  <thread>19</thread>
  <message>Checking exit queue</message>
</record>
<record>
  <date>2019-07-06T09:49:03.091208Z</date>
  <millis>1562406543091</millis>
  <nanos>208000</nanos>
  <sequence>40</sequence>
  <logger>root.WTCBTC</logger>
  <level>INFO</level>
  <class>SimpleTradingBot.Controller.Controller</class>
  <method>checkExitQueue</method>
  <thread>19</thread>
  <message>Checking exit queue</message>
</record>
<record>
  <date>2019-07-06T09:49:03.114496Z</date>
  <millis>1562406543114</millis>
  <nanos>496000</nanos>
  <sequence>41</sequence>
  <logger>root.WTCBTC</logger>
  <level>INFO</level>
  <class>SimpleTradingBot.Controller.Controller</class>
  <method>onResponse</method>
  <thread>19</thread>
  <message>Adding bar to timeseries: CandlestickEvent[eventType=kline,eventTime=1562406542745,symbol=WTCBTC,openTime=1562406540000,open=0.00026250,high=0.00026250,low=0.00026250,close=0.00026250,volume=0.56000000,closeTime=1562406599999,intervalId=1m,firstTradeId=10338221,lastTradeId=10338221,quoteAssetVolume=0.00014700,numberOfTrades=1,takerBuyBaseAssetVolume=0.00000000,takerBuyQuoteAssetVolume=0.00000000,isBarFinal=false]</message>
</record>
<record>
  <date>2019-07-06T09:49:03.115551Z</date>
  <millis>1562406543115</millis>
  <nanos>551000</nanos>
  <sequence>42</sequence>
  <logger>root.WTCBTC.TrailingStop</logger>
  <level>INFO</level>
  <class>SimpleTradingBot.Controller.TrailingStop</class>
  <method>update</method>
  <thread>19</thread>
  <message>Updating stop loss: 0.0002</message>
</record>
<record>
  <date>2019-07-06T09:49:03.115961Z</date>
  <millis>1562406543115</millis>
  <nanos>961000</nanos>
  <sequence>43</sequence>
  <logger>root.WTCBTC.Trader</logger>
  <level>INFO</level>
  <class>SimpleTradingBot.Controller.Trader</class>
  <method>update</method>
  <thread>19</thread>
  <message>Position not maintained, skipping update.</message>
</record>
<record>
  <date>2019-07-06T09:49:03.116330Z</date>
  <millis>1562406543116</millis>
  <nanos>330000</nanos>
  <sequence>44</sequence>
  <logger>root.WTCBTC</logger>
  <level>INFO</level>
  <class>SimpleTradingBot.Controller.Controller</class>
  <method>shouldClose</method>
  <thread>19</thread>
  <message>State type: CLEAR, updated: true</message>
</record>
<record>
  <date>2019-07-06T09:49:03.116548Z</date>
  <millis>1562406543116</millis>
  <nanos>548000</nanos>
  <sequence>45</sequence>
  <logger>root.WTCBTC.Trader</logger>
  <level>INFO</level>
  <class>SimpleTradingBot.Controller.Trader</class>
  <method>shouldOpen</method>
  <thread>19</thread>
  <message>State: CLEAR. Updated: true</message>
</record>
<record>
  <date>2019-07-06T09:49:03.116708Z</date>
  <millis>1562406543116</millis>
  <nanos>708000</nanos>
  <sequence>46</sequence>
  <logger>root.WTCBTC</logger>
  <level>INFO</level>
  <class>SimpleTradingBot.Controller.Controller</class>
  <method>shouldOpen</method>
  <thread>19</thread>
  <message>Cold: true</message>
</record>
<record>
  <date>2019-07-06T09:49:03.116979Z</date>
  <millis>1562406543116</millis>
  <nanos>979000</nanos>
  <sequence>47</sequence>
  <logger>root.WTCBTC</logger>
  <level>INFO</level>
  <class>SimpleTradingBot.Controller.Controller</class>
  <method>shouldOpen</method>
  <thread>19</thread>
  <message>Sufficient: true</message>
</record>
<record>
  <date>2019-07-06T09:49:03.117191Z</date>
  <millis>1562406543117</millis>
  <nanos>191000</nanos>
  <sequence>48</sequence>
  <logger>root.WTCBTC</logger>
  <level>INFO</level>
  <class>SimpleTradingBot.Controller.Controller</class>
  <method>shouldOpen</method>
  <thread>19</thread>
  <message>TA: true</message>
</record>
<record>
  <date>2019-07-06T09:49:03.117470Z</date>
  <millis>1562406543117</millis>
  <nanos>470000</nanos>
  <sequence>49</sequence>
  <logger>root.WTCBTC</logger>
  <level>INFO</level>
  <class>SimpleTradingBot.Controller.Controller</class>
  <method>open</method>
  <thread>19</thread>
  <message>Opening new order at 0.00026250</message>
</record>
<record>
  <date>2019-07-06T09:49:03.816185Z</date>
  <millis>1562406543816</millis>
  <nanos>185000</nanos>
  <sequence>50</sequence>
  <logger>root.WTCBTC.TrailingStop</logger>
  <level>INFO</level>
  <class>SimpleTradingBot.Controller.TrailingStop</class>
  <method>setStopLoss</method>
  <thread>19</thread>
  <message>Setting stop loss value to: 2.49375E-4</message>
</record>
<record>
  <date>2019-07-06T09:49:03.816750Z</date>
  <millis>1562406543816</millis>
  <nanos>750000</nanos>
  <sequence>51</sequence>
  <logger>root.WTCBTC.Trader</logger>
  <level>INFO</level>
  <class>SimpleTradingBot.Controller.Trader</class>
  <method>open</method>
  <thread>19</thread>
  <message>NewOrder[symbol=WTCBTC,side=BUY,type=MARKET,timeInForce=&lt;null&gt;,quantity=95238.00000000,price=&lt;null&gt;,newClientOrderId=&lt;null&gt;,stopPrice=&lt;null&gt;,icebergQty=&lt;null&gt;,newOrderRespType=RESULT,recvWindow=6000000,timestamp=1562406543464]</message>
</record>
<record>
  <date>2019-07-06T09:49:03.818424Z</date>
  <millis>1562406543818</millis>
  <nanos>424000</nanos>
  <sequence>52</sequence>
  <logger>root.WTCBTC.Trader</logger>
  <level>INFO</level>
  <class>SimpleTradingBot.Controller.Trader</class>
  <method>open</method>
  <thread>19</thread>
  <message>NewOrderResponse[symbol=&lt;null&gt;,orderId=12345,clientOrderId=&lt;null&gt;,transactTime=1562406543809,price=0.00026250,origQty=95238.00000000,executedQty=95238.00000000,status=FILLED,timeInForce=&lt;null&gt;,type=&lt;null&gt;,side=BUY,fills=]</message>
</record>
<record>
  <date>2019-07-06T09:49:05.241368Z</date>
  <millis>1562406545241</millis>
  <nanos>368000</nanos>
  <sequence>53</sequence>
  <logger>root.WTCBTC</logger>
  <level>INFO</level>
  <class>SimpleTradingBot.Controller.Controller</class>
  <method>checkExitQueue</method>
  <thread>19</thread>
  <message>Checking exit queue</message>
</record>
<record>
  <date>2019-07-06T09:49:08.007418Z</date>
  <millis>1562406548007</millis>
  <nanos>418000</nanos>
  <sequence>54</sequence>
  <logger>root.WTCBTC</logger>
  <level>INFO</level>
  <class>SimpleTradingBot.Controller.Controller</class>
  <method>checkExitQueue</method>
  <thread>19</thread>
  <message>Checking exit queue</message>
</record>
<record>
  <date>2019-07-06T09:49:14.459047Z</date>
  <millis>1562406554459</millis>
  <nanos>47000</nanos>
  <sequence>55</sequence>
  <logger>root.WTCBTC</logger>
  <level>INFO</level>
  <class>SimpleTradingBot.Controller.Controller</class>
  <method>checkExitQueue</method>
  <thread>19</thread>
  <message>Checking exit queue</message>
</record>
<record>
  <date>2019-07-06T09:49:17.241423Z</date>
  <millis>1562406557241</millis>
  <nanos>423000</nanos>
  <sequence>56</sequence>
  <logger>root.WTCBTC</logger>
  <level>INFO</level>
  <class>SimpleTradingBot.Controller.Controller</class>
  <method>checkExitQueue</method>
  <thread>19</thread>
  <message>Checking exit queue</message>
</record>
<record>
  <date>2019-07-06T09:49:19.958548Z</date>
  <millis>1562406559958</millis>
  <nanos>548000</nanos>
  <sequence>57</sequence>
  <logger>root.WTCBTC</logger>
  <level>INFO</level>
  <class>SimpleTradingBot.Controller.Controller</class>
  <method>checkExitQueue</method>
  <thread>19</thread>
  <message>Checking exit queue</message>
</record>
<record>
  <date>2019-07-06T09:49:27.052114Z</date>
  <millis>1562406567052</millis>
  <nanos>114000</nanos>
  <sequence>58</sequence>
  <logger>root.WTCBTC</logger>
  <level>INFO</level>
  <class>SimpleTradingBot.Controller.Controller</class>
  <method>checkExitQueue</method>
  <thread>19</thread>
  <message>Checking exit queue</message>
</record>
<record>
  <date>2019-07-06T09:49:30.738688Z</date>
  <millis>1562406570738</millis>
  <nanos>688000</nanos>
  <sequence>59</sequence>
  <logger>root.WTCBTC</logger>
  <level>INFO</level>
  <class>SimpleTradingBot.Controller.Controller</class>
  <method>checkExitQueue</method>
  <thread>19</thread>
  <message>Checking exit queue</message>
</record>
<record>
  <date>2019-07-06T09:49:36.574991Z</date>
  <millis>1562406576574</millis>
  <nanos>991000</nanos>
  <sequence>60</sequence>
  <logger>root.WTCBTC</logger>
  <level>INFO</level>
  <class>SimpleTradingBot.Controller.Controller</class>
  <method>checkExitQueue</method>
  <thread>19</thread>
  <message>Checking exit queue</message>
</record>
<record>
  <date>2019-07-06T09:49:39.342196Z</date>
  <millis>1562406579342</millis>
  <nanos>196000</nanos>
  <sequence>61</sequence>
  <logger>root.WTCBTC</logger>
  <level>INFO</level>
  <class>SimpleTradingBot.Controller.Controller</class>
  <method>checkExitQueue</method>
  <thread>19</thread>
  <message>Checking exit queue</message>
</record>
<record>
  <date>2019-07-06T09:49:41.080338Z</date>
  <millis>1562406581080</millis>
  <nanos>338000</nanos>
  <sequence>62</sequence>
  <logger>root.WTCBTC</logger>
  <level>INFO</level>
  <class>SimpleTradingBot.Controller.Controller</class>
  <method>checkExitQueue</method>
  <thread>19</thread>
  <message>Checking exit queue</message>
</record>
<record>
  <date>2019-07-06T09:49:44.254763Z</date>
  <millis>1562406584254</millis>
  <nanos>763000</nanos>
  <sequence>63</sequence>
  <logger>root.WTCBTC</logger>
  <level>INFO</level>
  <class>SimpleTradingBot.Controller.Controller</class>
  <method>checkExitQueue</method>
  <thread>19</thread>
  <message>Checking exit queue</message>
</record>
<record>
  <date>2019-07-06T09:49:47.432106Z</date>
  <millis>1562406587432</millis>
  <nanos>106000</nanos>
  <sequence>64</sequence>
  <logger>root.WTCBTC</logger>
  <level>INFO</level>
  <class>SimpleTradingBot.Controller.Controller</class>
  <method>checkExitQueue</method>
  <thread>19</thread>
  <message>Checking exit queue</message>
</record>
<record>
  <date>2019-07-06T09:49:50.708621Z</date>
  <millis>1562406590708</millis>
  <nanos>621000</nanos>
  <sequence>65</sequence>
  <logger>root.WTCBTC</logger>
  <level>INFO</level>
  <class>SimpleTradingBot.Controller.Controller</class>
  <method>checkExitQueue</method>
  <thread>19</thread>
  <message>Checking exit queue</message>
</record>
<record>
  <date>2019-07-06T09:49:53.203640Z</date>
  <millis>1562406593203</millis>
  <nanos>640000</nanos>
  <sequence>66</sequence>
  <logger>root.WTCBTC</logger>
  <level>INFO</level>
  <class>SimpleTradingBot.Controller.Controller</class>
  <method>checkExitQueue</method>
  <thread>19</thread>
  <message>Checking exit queue</message>
</record>
<record>
  <date>2019-07-06T09:50:00.536193Z</date>
  <millis>1562406600536</millis>
  <nanos>193000</nanos>
  <sequence>67</sequence>
  <logger>root.WTCBTC</logger>
  <level>INFO</level>
  <class>SimpleTradingBot.Controller.Controller</class>
  <method>checkExitQueue</method>
  <thread>19</thread>
  <message>Checking exit queue</message>
</record>
<record>
  <date>2019-07-06T09:50:03.199093Z</date>
  <millis>1562406603199</millis>
  <nanos>93000</nanos>
  <sequence>68</sequence>
  <logger>root.WTCBTC</logger>
  <level>INFO</level>
  <class>SimpleTradingBot.Controller.Controller</class>
  <method>checkExitQueue</method>
  <thread>19</thread>
  <message>Checking exit queue</message>
</record>
<record>
  <date>2019-07-06T09:50:03.200590Z</date>
  <millis>1562406603200</millis>
  <nanos>590000</nanos>
  <sequence>69</sequence>
  <logger>root.WTCBTC</logger>
  <level>INFO</level>
  <class>SimpleTradingBot.Controller.Controller</class>
  <method>onResponse</method>
  <thread>19</thread>
  <message>Adding bar to timeseries: CandlestickEvent[eventType=kline,eventTime=1562406602986,symbol=WTCBTC,openTime=1562406600000,open=0.00026220,high=0.00026220,low=0.00026220,close=0.00026220,volume=274.21000000,closeTime=1562406659999,intervalId=1m,firstTradeId=10338248,lastTradeId=10338248,quoteAssetVolume=0.07189786,numberOfTrades=1,takerBuyBaseAssetVolume=274.21000000,takerBuyQuoteAssetVolume=0.07189786,isBarFinal=false]</message>
</record>
<record>
  <date>2019-07-06T09:50:03.201768Z</date>
  <millis>1562406603201</millis>
  <nanos>768000</nanos>
  <sequence>70</sequence>
  <logger>root.WTCBTC.TrailingStop</logger>
  <level>INFO</level>
  <class>SimpleTradingBot.Controller.TrailingStop</class>
  <method>update</method>
  <thread>19</thread>
  <message>No stop loss update required</message>
</record>
<record>
  <date>2019-07-06T09:50:03.202500Z</date>
  <millis>1562406603202</millis>
  <nanos>500000</nanos>
  <sequence>71</sequence>
  <logger>root.WTCBTC.Trader</logger>
  <level>INFO</level>
  <class>SimpleTradingBot.Controller.Trader</class>
  <method>update</method>
  <thread>19</thread>
  <message>Position not maintained, skipping update.</message>
</record>
<record>
  <date>2019-07-06T09:50:03.203060Z</date>
  <millis>1562406603203</millis>
  <nanos>60000</nanos>
  <sequence>72</sequence>
  <logger>root.WTCBTC</logger>
  <level>INFO</level>
  <class>SimpleTradingBot.Controller.Controller</class>
  <method>shouldClose</method>
  <thread>19</thread>
  <message>State type: BUY, updated: false</message>
</record>
<record>
  <date>2019-07-06T09:50:03.203605Z</date>
  <millis>1562406603203</millis>
  <nanos>605000</nanos>
  <sequence>73</sequence>
  <logger>root.WTCBTC.Trader</logger>
  <level>INFO</level>
  <class>SimpleTradingBot.Controller.Trader</class>
  <method>shouldOpen</method>
  <thread>19</thread>
  <message>State: BUY. Updated: false</message>
</record>
<record>
  <date>2019-07-06T09:50:03.204168Z</date>
  <millis>1562406603204</millis>
  <nanos>168000</nanos>
  <sequence>74</sequence>
  <logger>root.WTCBTC</logger>
  <level>INFO</level>
  <class>SimpleTradingBot.Controller.Controller</class>
  <method>onResponse</method>
  <thread>19</thread>
  <message>No action taken</message>
</record>
<record>
  <date>2019-07-06T09:50:07.193238Z</date>
  <millis>1562406607193</millis>
  <nanos>238000</nanos>
  <sequence>75</sequence>
  <logger>root.WTCBTC</logger>
  <level>INFO</level>
  <class>SimpleTradingBot.Controller.Controller</class>
  <method>checkExitQueue</method>
  <thread>19</thread>
  <message>Checking exit queue</message>
</record>
<record>
  <date>2019-07-06T09:50:08.946600Z</date>
  <millis>1562406608946</millis>
  <nanos>600000</nanos>
  <sequence>76</sequence>
  <logger>root.am</logger>
  <level>INFO</level>
  <class>SimpleTradingBot.Services.AccountManager</class>
  <method>maintenance</method>
  <thread>22</thread>
  <message>Preparing maintenance</message>
</record>
<record>
  <date>2019-07-06T09:50:08.947701Z</date>
  <millis>1562406608947</millis>
  <nanos>701000</nanos>
  <sequence>77</sequence>
  <logger>root.am</logger>
  <level>INFO</level>
  <class>SimpleTradingBot.Services.AccountManager</class>
  <method>maintenance_internal</method>
  <thread>22</thread>
  <message>Performing maintenance for symbol: WTCBTC</message>
</record>
<record>
  <date>2019-07-06T09:50:08.948238Z</date>
  <millis>1562406608948</millis>
  <nanos>238000</nanos>
  <sequence>78</sequence>
  <logger>root.am</logger>
  <level>INFO</level>
  <class>SimpleTradingBot.Services.AccountManager</class>
  <method>maintenance_internal</method>
  <thread>22</thread>
  <message>Cycle: BUY/HOLD</message>
</record>
<record>
  <date>2019-07-06T09:50:08.950994Z</date>
  <millis>1562406608950</millis>
  <nanos>994000</nanos>
  <sequence>79</sequence>
  <logger>root.am</logger>
  <level>INFO</level>
  <class>SimpleTradingBot.Services.AccountManager</class>
  <method>update</method>
  <thread>22</thread>
  <message>Updating side: BUY. Determined flags: NONE</message>
</record>
<record>
  <date>2019-07-06T09:50:08.951896Z</date>
  <millis>1562406608951</millis>
  <nanos>896000</nanos>
  <sequence>80</sequence>
  <logger>root.WTCBTC.Trader</logger>
  <level>INFO</level>
  <class>SimpleTradingBot.Controller.Trader</class>
  <method>updateState</method>
  <thread>22</thread>
  <message>Updating state to: HOLD, NONE, from current state: BUY, NONE</message>
</record>
<record>
  <date>2019-07-06T09:50:08.952832Z</date>
  <millis>1562406608952</millis>
  <nanos>832000</nanos>
  <sequence>81</sequence>
  <logger>root.am</logger>
  <level>INFO</level>
  <class>SimpleTradingBot.Services.AccountManager</class>
  <method>maintenance</method>
  <thread>22</thread>
  <message>Exiting maintenance</message>
</record>
<record>
  <date>2019-07-06T09:50:10.063091Z</date>
  <millis>1562406610063</millis>
  <nanos>91000</nanos>
  <sequence>82</sequence>
  <logger>root.WTCBTC</logger>
  <level>INFO</level>
  <class>SimpleTradingBot.Controller.Controller</class>
  <method>checkExitQueue</method>
  <thread>19</thread>
  <message>Checking exit queue</message>
</record>
<record>
  <date>2019-07-06T09:50:12.210285Z</date>
  <millis>1562406612210</millis>
  <nanos>285000</nanos>
  <sequence>83</sequence>
  <logger>root.WTCBTC</logger>
  <level>INFO</level>
  <class>SimpleTradingBot.Controller.Controller</class>
  <method>checkExitQueue</method>
  <thread>19</thread>
  <message>Checking exit queue</message>
</record>
<record>
  <date>2019-07-06T09:50:19.174621Z</date>
  <millis>1562406619174</millis>
  <nanos>621000</nanos>
  <sequence>84</sequence>
  <logger>root.WTCBTC</logger>
  <level>INFO</level>
  <class>SimpleTradingBot.Controller.Controller</class>
  <method>checkExitQueue</method>
  <thread>19</thread>
  <message>Checking exit queue</message>
</record>
<record>
  <date>2019-07-06T09:50:21.323994Z</date>
  <millis>1562406621323</millis>
  <nanos>994000</nanos>
  <sequence>85</sequence>
  <logger>root.WTCBTC</logger>
  <level>INFO</level>
  <class>SimpleTradingBot.Controller.Controller</class>
  <method>checkExitQueue</method>
  <thread>19</thread>
  <message>Checking exit queue</message>
</record>
<record>
  <date>2019-07-06T09:50:24.193266Z</date>
  <millis>1562406624193</millis>
  <nanos>266000</nanos>
  <sequence>86</sequence>
  <logger>root.WTCBTC</logger>
  <level>INFO</level>
  <class>SimpleTradingBot.Controller.Controller</class>
  <method>checkExitQueue</method>
  <thread>19</thread>
  <message>Checking exit queue</message>
</record>
<record>
  <date>2019-07-06T09:50:26.245705Z</date>
  <millis>1562406626245</millis>
  <nanos>705000</nanos>
  <sequence>87</sequence>
  <logger>root.WTCBTC</logger>
  <level>INFO</level>
  <class>SimpleTradingBot.Controller.Controller</class>
  <method>checkExitQueue</method>
  <thread>19</thread>
  <message>Checking exit queue</message>
</record>
<record>
  <date>2019-07-06T09:50:29.413401Z</date>
  <millis>1562406629413</millis>
  <nanos>401000</nanos>
  <sequence>88</sequence>
  <logger>root.WTCBTC</logger>
  <level>INFO</level>
  <class>SimpleTradingBot.Controller.Controller</class>
  <method>checkExitQueue</method>
  <thread>19</thread>
  <message>Checking exit queue</message>
</record>
<record>
  <date>2019-07-06T09:50:35.251782Z</date>
  <millis>1562406635251</millis>
  <nanos>782000</nanos>
  <sequence>89</sequence>
  <logger>root.WTCBTC</logger>
  <level>INFO</level>
  <class>SimpleTradingBot.Controller.Controller</class>
  <method>checkExitQueue</method>
  <thread>19</thread>
  <message>Checking exit queue</message>
</record>
<record>
  <date>2019-07-06T09:50:37.521561Z</date>
  <millis>1562406637521</millis>
  <nanos>561000</nanos>
  <sequence>90</sequence>
  <logger>root.WTCBTC</logger>
  <level>INFO</level>
  <class>SimpleTradingBot.Controller.Controller</class>
  <method>checkExitQueue</method>
  <thread>19</thread>
  <message>Checking exit queue</message>
</record>
<record>
  <date>2019-07-06T09:50:40.476608Z</date>
  <millis>1562406640476</millis>
  <nanos>608000</nanos>
  <sequence>91</sequence>
  <logger>root.WTCBTC</logger>
  <level>INFO</level>
  <class>SimpleTradingBot.Controller.Controller</class>
  <method>checkExitQueue</method>
  <thread>19</thread>
  <message>Checking exit queue</message>
</record>
<record>
  <date>2019-07-06T09:50:42.935620Z</date>
  <millis>1562406642935</millis>
  <nanos>620000</nanos>
  <sequence>92</sequence>
  <logger>root.WTCBTC</logger>
  <level>INFO</level>
  <class>SimpleTradingBot.Controller.Controller</class>
  <method>checkExitQueue</method>
  <thread>19</thread>
  <message>Checking exit queue</message>
</record>
<record>
  <date>2019-07-06T09:50:45.320563Z</date>
  <millis>1562406645320</millis>
  <nanos>563000</nanos>
  <sequence>93</sequence>
  <logger>root.WTCBTC</logger>
  <level>INFO</level>
  <class>SimpleTradingBot.Controller.Controller</class>
  <method>checkExitQueue</method>
  <thread>19</thread>
  <message>Checking exit queue</message>
</record>
<record>
  <date>2019-07-06T09:50:49.381650Z</date>
  <millis>1562406649381</millis>
  <nanos>650000</nanos>
  <sequence>94</sequence>
  <logger>root.WTCBTC</logger>
  <level>INFO</level>
  <class>SimpleTradingBot.Controller.Controller</class>
  <method>checkExitQueue</method>
  <thread>19</thread>
  <message>Checking exit queue</message>
</record>
<record>
  <date>2019-07-06T09:50:51.356343Z</date>
  <millis>1562406651356</millis>
  <nanos>343000</nanos>
  <sequence>95</sequence>
  <logger>root.WTCBTC</logger>
  <level>INFO</level>
  <class>SimpleTradingBot.Controller.Controller</class>
  <method>checkExitQueue</method>
  <thread>19</thread>
  <message>Checking exit queue</message>
</record>
<record>
  <date>2019-07-06T09:50:54.579626Z</date>
  <millis>1562406654579</millis>
  <nanos>626000</nanos>
  <sequence>96</sequence>
  <logger>root.WTCBTC</logger>
  <level>INFO</level>
  <class>SimpleTradingBot.Controller.Controller</class>
  <method>checkExitQueue</method>
  <thread>19</thread>
  <message>Checking exit queue</message>
</record>
<record>
  <date>2019-07-06T09:50:58.597726Z</date>
  <millis>1562406658597</millis>
  <nanos>726000</nanos>
  <sequence>97</sequence>
  <logger>root.WTCBTC</logger>
  <level>INFO</level>
  <class>SimpleTradingBot.Controller.Controller</class>
  <method>checkExitQueue</method>
  <thread>19</thread>
  <message>Checking exit queue</message>
</record>
<record>
  <date>2019-07-06T09:51:01.670198Z</date>
  <millis>1562406661670</millis>
  <nanos>198000</nanos>
  <sequence>98</sequence>
  <logger>root.WTCBTC</logger>
  <level>INFO</level>
  <class>SimpleTradingBot.Controller.Controller</class>
  <method>checkExitQueue</method>
  <thread>19</thread>
  <message>Checking exit queue</message>
</record>
<record>
  <date>2019-07-06T09:51:01.789557Z</date>
  <millis>1562406661789</millis>
  <nanos>557000</nanos>
  <sequence>99</sequence>
  <logger>root.WTCBTC</logger>
  <level>INFO</level>
  <class>SimpleTradingBot.Controller.Controller</class>
  <method>checkExitQueue</method>
  <thread>19</thread>
  <message>Checking exit queue</message>
</record>
<record>
  <date>2019-07-06T09:51:04.088316Z</date>
  <millis>1562406664088</millis>
  <nanos>316000</nanos>
  <sequence>100</sequence>
  <logger>root.WTCBTC</logger>
  <level>INFO</level>
  <class>SimpleTradingBot.Controller.Controller</class>
  <method>checkExitQueue</method>
  <thread>19</thread>
  <message>Checking exit queue</message>
</record>
<record>
  <date>2019-07-06T09:51:04.089769Z</date>
  <millis>1562406664089</millis>
  <nanos>769000</nanos>
  <sequence>101</sequence>
  <logger>root.WTCBTC</logger>
  <level>INFO</level>
  <class>SimpleTradingBot.Controller.Controller</class>
  <method>onResponse</method>
  <thread>19</thread>
  <message>Adding bar to timeseries: CandlestickEvent[eventType=kline,eventTime=1562406663814,symbol=WTCBTC,openTime=1562406660000,open=0.00026450,high=0.00026460,low=0.00026450,close=0.00026460,volume=1526.46000000,closeTime=1562406719999,intervalId=1m,firstTradeId=10338318,lastTradeId=10338327,quoteAssetVolume=0.40376177,numberOfTrades=10,takerBuyBaseAssetVolume=1526.46000000,takerBuyQuoteAssetVolume=0.40376177,isBarFinal=false]</message>
</record>
<record>
  <date>2019-07-06T09:51:04.090789Z</date>
  <millis>1562406664090</millis>
  <nanos>789000</nanos>
  <sequence>102</sequence>
  <logger>root.WTCBTC.TrailingStop</logger>
  <level>INFO</level>
  <class>SimpleTradingBot.Controller.TrailingStop</class>
  <method>update</method>
  <thread>19</thread>
  <message>Updating stop loss: 0.0002</message>
</record>
<record>
  <date>2019-07-06T09:51:04.091248Z</date>
  <millis>1562406664091</millis>
  <nanos>248000</nanos>
  <sequence>103</sequence>
  <logger>root.WTCBTC.Trader</logger>
  <level>INFO</level>
  <class>SimpleTradingBot.Controller.Trader</class>
  <method>update</method>
  <thread>19</thread>
  <message>Position not maintained, skipping update.</message>
</record>
<record>
  <date>2019-07-06T09:51:04.091655Z</date>
  <millis>1562406664091</millis>
  <nanos>655000</nanos>
  <sequence>104</sequence>
  <logger>root.WTCBTC</logger>
  <level>INFO</level>
  <class>SimpleTradingBot.Controller.Controller</class>
  <method>shouldClose</method>
  <thread>19</thread>
  <message>State type: HOLD, updated: true</message>
</record>
<record>
  <date>2019-07-06T09:51:04.092451Z</date>
  <millis>1562406664092</millis>
  <nanos>451000</nanos>
  <sequence>105</sequence>
  <logger>root.WTCBTC.Trader</logger>
  <level>INFO</level>
  <class>SimpleTradingBot.Controller.Trader</class>
  <method>shouldClose</method>
  <thread>19</thread>
  <message>Last price: 0.00026460. Stop loss: 0.000251369999999999988249399507367343176156282424926757812500. Breached: false</message>
</record>
<record>
  <date>2019-07-06T09:51:04.092953Z</date>
  <millis>1562406664092</millis>
  <nanos>953000</nanos>
  <sequence>106</sequence>
  <logger>root.WTCBTC.Trader</logger>
  <level>INFO</level>
  <class>SimpleTradingBot.Controller.Trader</class>
  <method>shouldOpen</method>
  <thread>19</thread>
  <message>State: HOLD. Updated: true</message>
</record>
<record>
  <date>2019-07-06T09:51:04.093358Z</date>
  <millis>1562406664093</millis>
  <nanos>358000</nanos>
  <sequence>107</sequence>
  <logger>root.WTCBTC</logger>
  <level>INFO</level>
  <class>SimpleTradingBot.Controller.Controller</class>
  <method>onResponse</method>
  <thread>19</thread>
  <message>No action taken</message>
</record>
<record>
  <date>2019-07-06T09:51:06.482070Z</date>
  <millis>1562406666482</millis>
  <nanos>70000</nanos>
  <sequence>108</sequence>
  <logger>root.WTCBTC</logger>
  <level>INFO</level>
  <class>SimpleTradingBot.Controller.Controller</class>
  <method>checkExitQueue</method>
  <thread>19</thread>
  <message>Checking exit queue</message>
</record>
<record>
  <date>2019-07-06T09:51:08.946418Z</date>
  <millis>1562406668946</millis>
  <nanos>418000</nanos>
  <sequence>109</sequence>
  <logger>root.am</logger>
  <level>INFO</level>
  <class>SimpleTradingBot.Services.AccountManager</class>
  <method>maintenance</method>
  <thread>22</thread>
  <message>Preparing maintenance</message>
</record>
<record>
  <date>2019-07-06T09:51:08.947209Z</date>
  <millis>1562406668947</millis>
  <nanos>209000</nanos>
  <sequence>110</sequence>
  <logger>root.am</logger>
  <level>INFO</level>
  <class>SimpleTradingBot.Services.AccountManager</class>
  <method>maintenance_internal</method>
  <thread>22</thread>
  <message>Performing maintenance for symbol: WTCBTC</message>
</record>
<record>
  <date>2019-07-06T09:51:08.947734Z</date>
  <millis>1562406668947</millis>
  <nanos>734000</nanos>
  <sequence>111</sequence>
  <logger>root.am</logger>
  <level>INFO</level>
  <class>SimpleTradingBot.Services.AccountManager</class>
  <method>maintenance_internal</method>
  <thread>22</thread>
  <message>No maintenance required</message>
</record>
<record>
  <date>2019-07-06T09:51:08.948239Z</date>
  <millis>1562406668948</millis>
  <nanos>239000</nanos>
  <sequence>112</sequence>
  <logger>root.am</logger>
  <level>INFO</level>
  <class>SimpleTradingBot.Services.AccountManager</class>
  <method>maintenance</method>
  <thread>22</thread>
  <message>Exiting maintenance</message>
</record>
<record>
  <date>2019-07-06T09:51:09.657921Z</date>
  <millis>1562406669657</millis>
  <nanos>921000</nanos>
  <sequence>113</sequence>
  <logger>root.WTCBTC</logger>
  <level>INFO</level>
  <class>SimpleTradingBot.Controller.Controller</class>
  <method>checkExitQueue</method>
  <thread>19</thread>
  <message>Checking exit queue</message>
</record>
<record>
  <date>2019-07-06T09:51:12.728823Z</date>
  <millis>1562406672728</millis>
  <nanos>823000</nanos>
  <sequence>114</sequence>
  <logger>root.WTCBTC</logger>
  <level>INFO</level>
  <class>SimpleTradingBot.Controller.Controller</class>
  <method>checkExitQueue</method>
  <thread>19</thread>
  <message>Checking exit queue</message>
</record>
<record>
  <date>2019-07-06T09:51:16.415416Z</date>
  <millis>1562406676415</millis>
  <nanos>416000</nanos>
  <sequence>115</sequence>
  <logger>root.WTCBTC</logger>
  <level>INFO</level>
  <class>SimpleTradingBot.Controller.Controller</class>
  <method>checkExitQueue</method>
  <thread>19</thread>
  <message>Checking exit queue</message>
</record>
<record>
  <date>2019-07-06T09:51:18.875870Z</date>
  <millis>1562406678875</millis>
  <nanos>870000</nanos>
  <sequence>116</sequence>
  <logger>root.WTCBTC</logger>
  <level>INFO</level>
  <class>SimpleTradingBot.Controller.Controller</class>
  <method>checkExitQueue</method>
  <thread>19</thread>
  <message>Checking exit queue</message>
</record>
<record>
  <date>2019-07-06T09:51:21.637575Z</date>
  <millis>1562406681637</millis>
  <nanos>575000</nanos>
  <sequence>117</sequence>
  <logger>root.WTCBTC</logger>
  <level>INFO</level>
  <class>SimpleTradingBot.Controller.Controller</class>
  <method>checkExitQueue</method>
  <thread>19</thread>
  <message>Checking exit queue</message>
</record>
<record>
  <date>2019-07-06T09:51:24.710941Z</date>
  <millis>1562406684710</millis>
  <nanos>941000</nanos>
  <sequence>118</sequence>
  <logger>root.WTCBTC</logger>
  <level>INFO</level>
  <class>SimpleTradingBot.Controller.Controller</class>
  <method>checkExitQueue</method>
  <thread>19</thread>
  <message>Checking exit queue</message>
</record>
<record>
  <date>2019-07-06T09:51:26.860125Z</date>
  <millis>1562406686860</millis>
  <nanos>125000</nanos>
  <sequence>119</sequence>
  <logger>root.WTCBTC</logger>
  <level>INFO</level>
  <class>SimpleTradingBot.Controller.Controller</class>
  <method>checkExitQueue</method>
  <thread>19</thread>
  <message>Checking exit queue</message>
</record>
<record>
  <date>2019-07-06T09:51:29.317922Z</date>
  <millis>1562406689317</millis>
  <nanos>922000</nanos>
  <sequence>120</sequence>
  <logger>root.WTCBTC</logger>
  <level>INFO</level>
  <class>SimpleTradingBot.Controller.Controller</class>
  <method>checkExitQueue</method>
  <thread>19</thread>
  <message>Checking exit queue</message>
</record>
<record>
  <date>2019-07-06T09:51:31.775395Z</date>
  <millis>1562406691775</millis>
  <nanos>395000</nanos>
  <sequence>121</sequence>
  <logger>root.WTCBTC</logger>
  <level>INFO</level>
  <class>SimpleTradingBot.Controller.Controller</class>
  <method>checkExitQueue</method>
  <thread>19</thread>
  <message>Checking exit queue</message>
</record>
<record>
  <date>2019-07-06T09:51:34.542859Z</date>
  <millis>1562406694542</millis>
  <nanos>859000</nanos>
  <sequence>122</sequence>
  <logger>root.WTCBTC</logger>
  <level>INFO</level>
  <class>SimpleTradingBot.Controller.Controller</class>
  <method>checkExitQueue</method>
  <thread>19</thread>
  <message>Checking exit queue</message>
</record>
<record>
  <date>2019-07-06T09:51:36.690571Z</date>
  <millis>1562406696690</millis>
  <nanos>571000</nanos>
  <sequence>123</sequence>
  <logger>root.WTCBTC</logger>
  <level>INFO</level>
  <class>SimpleTradingBot.Controller.Controller</class>
  <method>checkExitQueue</method>
  <thread>19</thread>
  <message>Checking exit queue</message>
</record>
<record>
  <date>2019-07-06T09:51:39.578214Z</date>
  <millis>1562406699578</millis>
  <nanos>214000</nanos>
  <sequence>124</sequence>
  <logger>root.WTCBTC</logger>
  <level>INFO</level>
  <class>SimpleTradingBot.Controller.Controller</class>
  <method>checkExitQueue</method>
  <thread>19</thread>
  <message>Checking exit queue</message>
</record>
<record>
  <date>2019-07-06T09:51:42.220988Z</date>
  <millis>1562406702220</millis>
  <nanos>988000</nanos>
  <sequence>125</sequence>
  <logger>root.WTCBTC</logger>
  <level>INFO</level>
  <class>SimpleTradingBot.Controller.Controller</class>
  <method>checkExitQueue</method>
  <thread>19</thread>
  <message>Checking exit queue</message>
</record>
<record>
  <date>2019-07-06T09:51:45.293192Z</date>
  <millis>1562406705293</millis>
  <nanos>192000</nanos>
  <sequence>126</sequence>
  <logger>root.WTCBTC</logger>
  <level>INFO</level>
  <class>SimpleTradingBot.Controller.Controller</class>
  <method>checkExitQueue</method>
  <thread>19</thread>
  <message>Checking exit queue</message>
</record>
<record>
  <date>2019-07-06T09:51:47.770516Z</date>
  <millis>1562406707770</millis>
  <nanos>516000</nanos>
  <sequence>127</sequence>
  <logger>root.WTCBTC</logger>
  <level>INFO</level>
  <class>SimpleTradingBot.Controller.Controller</class>
  <method>checkExitQueue</method>
  <thread>19</thread>
  <message>Checking exit queue</message>
</record>
<record>
  <date>2019-07-06T09:51:49.695617Z</date>
  <millis>1562406709695</millis>
  <nanos>617000</nanos>
  <sequence>128</sequence>
  <logger>root.WTCBTC</logger>
  <level>INFO</level>
  <class>SimpleTradingBot.Controller.Controller</class>
  <method>checkExitQueue</method>
  <thread>19</thread>
  <message>Checking exit queue</message>
</record>
<record>
  <date>2019-07-06T09:51:51.744097Z</date>
  <millis>1562406711744</millis>
  <nanos>97000</nanos>
  <sequence>129</sequence>
  <logger>root.WTCBTC</logger>
  <level>INFO</level>
  <class>SimpleTradingBot.Controller.Controller</class>
  <method>checkExitQueue</method>
  <thread>19</thread>
  <message>Checking exit queue</message>
</record>
<record>
  <date>2019-07-06T09:52:05.569813Z</date>
  <millis>1562406725569</millis>
  <nanos>813000</nanos>
  <sequence>130</sequence>
  <logger>root.WTCBTC</logger>
  <level>INFO</level>
  <class>SimpleTradingBot.Controller.Controller</class>
  <method>checkExitQueue</method>
  <thread>19</thread>
  <message>Checking exit queue</message>
</record>
<record>
  <date>2019-07-06T09:52:08.025559Z</date>
  <millis>1562406728025</millis>
  <nanos>559000</nanos>
  <sequence>131</sequence>
  <logger>root.WTCBTC</logger>
  <level>INFO</level>
  <class>SimpleTradingBot.Controller.Controller</class>
  <method>checkExitQueue</method>
  <thread>19</thread>
  <message>Checking exit queue</message>
</record>
<record>
  <date>2019-07-06T09:52:08.026955Z</date>
  <millis>1562406728026</millis>
  <nanos>955000</nanos>
  <sequence>132</sequence>
  <logger>root.WTCBTC</logger>
  <level>INFO</level>
  <class>SimpleTradingBot.Controller.Controller</class>
  <method>onResponse</method>
  <thread>19</thread>
  <message>Adding bar to timeseries: CandlestickEvent[eventType=kline,eventTime=1562406727583,symbol=WTCBTC,openTime=1562406720000,open=0.00026450,high=0.00026450,low=0.00026450,close=0.00026450,volume=102.92000000,closeTime=1562406779999,intervalId=1m,firstTradeId=10338391,lastTradeId=10338391,quoteAssetVolume=0.02722234,numberOfTrades=1,takerBuyBaseAssetVolume=102.92000000,takerBuyQuoteAssetVolume=0.02722234,isBarFinal=false]</message>
</record>
<record>
  <date>2019-07-06T09:52:08.027822Z</date>
  <millis>1562406728027</millis>
  <nanos>822000</nanos>
  <sequence>133</sequence>
  <logger>root.WTCBTC.TrailingStop</logger>
  <level>INFO</level>
  <class>SimpleTradingBot.Controller.TrailingStop</class>
  <method>update</method>
  <thread>19</thread>
  <message>No stop loss update required</message>
</record>
<record>
  <date>2019-07-06T09:52:08.028289Z</date>
  <millis>1562406728028</millis>
  <nanos>289000</nanos>
  <sequence>134</sequence>
  <logger>root.WTCBTC.Trader</logger>
  <level>INFO</level>
  <class>SimpleTradingBot.Controller.Trader</class>
  <method>update</method>
  <thread>19</thread>
  <message>Position not maintained, skipping update.</message>
</record>
<record>
  <date>2019-07-06T09:52:08.028673Z</date>
  <millis>1562406728028</millis>
  <nanos>673000</nanos>
  <sequence>135</sequence>
  <logger>root.WTCBTC</logger>
  <level>INFO</level>
  <class>SimpleTradingBot.Controller.Controller</class>
  <method>shouldClose</method>
  <thread>19</thread>
  <message>State type: HOLD, updated: true</message>
</record>
<record>
  <date>2019-07-06T09:52:08.029146Z</date>
  <millis>1562406728029</millis>
  <nanos>146000</nanos>
  <sequence>136</sequence>
  <logger>root.WTCBTC.Trader</logger>
  <level>INFO</level>
  <class>SimpleTradingBot.Controller.Trader</class>
  <method>shouldClose</method>
  <thread>19</thread>
  <message>Last price: 0.00026450. Stop loss: 0.000251369999999999988249399507367343176156282424926757812500. Breached: false</message>
</record>
<record>
  <date>2019-07-06T09:52:08.029502Z</date>
  <millis>1562406728029</millis>
  <nanos>502000</nanos>
  <sequence>137</sequence>
  <logger>root.WTCBTC.Trader</logger>
  <level>INFO</level>
  <class>SimpleTradingBot.Controller.Trader</class>
  <method>shouldOpen</method>
  <thread>19</thread>
  <message>State: HOLD. Updated: true</message>
</record>
<record>
  <date>2019-07-06T09:52:08.029891Z</date>
  <millis>1562406728029</millis>
  <nanos>891000</nanos>
  <sequence>138</sequence>
  <logger>root.WTCBTC</logger>
  <level>INFO</level>
  <class>SimpleTradingBot.Controller.Controller</class>
  <method>onResponse</method>
  <thread>19</thread>
  <message>No action taken</message>
</record>
<record>
  <date>2019-07-06T09:52:08.946612Z</date>
  <millis>1562406728946</millis>
  <nanos>612000</nanos>
  <sequence>139</sequence>
  <logger>root.am</logger>
  <level>INFO</level>
  <class>SimpleTradingBot.Services.AccountManager</class>
  <method>maintenance</method>
  <thread>22</thread>
  <message>Preparing maintenance</message>
</record>
<record>
  <date>2019-07-06T09:52:08.947601Z</date>
  <millis>1562406728947</millis>
  <nanos>601000</nanos>
  <sequence>140</sequence>
  <logger>root.am</logger>
  <level>INFO</level>
  <class>SimpleTradingBot.Services.AccountManager</class>
  <method>maintenance_internal</method>
  <thread>22</thread>
  <message>Performing maintenance for symbol: WTCBTC</message>
</record>
<record>
  <date>2019-07-06T09:52:08.947780Z</date>
  <millis>1562406728947</millis>
  <nanos>780000</nanos>
  <sequence>141</sequence>
  <logger>root.am</logger>
  <level>INFO</level>
  <class>SimpleTradingBot.Services.AccountManager</class>
  <method>maintenance_internal</method>
  <thread>22</thread>
  <message>No maintenance required</message>
</record>
<record>
  <date>2019-07-06T09:52:08.947923Z</date>
  <millis>1562406728947</millis>
  <nanos>923000</nanos>
  <sequence>142</sequence>
  <logger>root.am</logger>
  <level>INFO</level>
  <class>SimpleTradingBot.Services.AccountManager</class>
  <method>maintenance</method>
  <thread>22</thread>
  <message>Exiting maintenance</message>
</record>
<record>
  <date>2019-07-06T09:52:19.325496Z</date>
  <millis>1562406739325</millis>
  <nanos>496000</nanos>
  <sequence>143</sequence>
  <logger>root.WTCBTC</logger>
  <level>INFO</level>
  <class>SimpleTradingBot.Controller.Controller</class>
  <method>checkExitQueue</method>
  <thread>19</thread>
  <message>Checking exit queue</message>
</record>
<record>
  <date>2019-07-06T09:52:22.055160Z</date>
  <millis>1562406742055</millis>
  <nanos>160000</nanos>
  <sequence>144</sequence>
  <logger>root.WTCBTC</logger>
  <level>INFO</level>
  <class>SimpleTradingBot.Controller.Controller</class>
  <method>checkExitQueue</method>
  <thread>19</thread>
  <message>Checking exit queue</message>
</record>
<record>
  <date>2019-07-06T09:52:24.791219Z</date>
  <millis>1562406744791</millis>
  <nanos>219000</nanos>
  <sequence>145</sequence>
  <logger>root.WTCBTC</logger>
  <level>INFO</level>
  <class>SimpleTradingBot.Controller.Controller</class>
  <method>checkExitQueue</method>
  <thread>19</thread>
  <message>Checking exit queue</message>
</record>
<record>
  <date>2019-07-06T09:52:27.704448Z</date>
  <millis>1562406747704</millis>
  <nanos>448000</nanos>
  <sequence>146</sequence>
  <logger>root.WTCBTC</logger>
  <level>INFO</level>
  <class>SimpleTradingBot.Controller.Controller</class>
  <method>checkExitQueue</method>
  <thread>19</thread>
  <message>Checking exit queue</message>
</record>
<record>
  <date>2019-07-06T09:52:29.836513Z</date>
  <millis>1562406749836</millis>
  <nanos>513000</nanos>
  <sequence>147</sequence>
  <logger>root.WTCBTC</logger>
  <level>INFO</level>
  <class>SimpleTradingBot.Controller.Controller</class>
  <method>checkExitQueue</method>
  <thread>19</thread>
  <message>Checking exit queue</message>
</record>
<record>
  <date>2019-07-06T09:52:35.675658Z</date>
  <millis>1562406755675</millis>
  <nanos>658000</nanos>
  <sequence>148</sequence>
  <logger>root.WTCBTC</logger>
  <level>INFO</level>
  <class>SimpleTradingBot.Controller.Controller</class>
  <method>checkExitQueue</method>
  <thread>19</thread>
  <message>Checking exit queue</message>
</record>
<record>
  <date>2019-07-06T09:52:37.516916Z</date>
  <millis>1562406757516</millis>
  <nanos>916000</nanos>
  <sequence>149</sequence>
  <logger>root.WTCBTC</logger>
  <level>INFO</level>
  <class>SimpleTradingBot.Controller.Controller</class>
  <method>checkExitQueue</method>
  <thread>19</thread>
  <message>Checking exit queue</message>
</record>
<record>
  <date>2019-07-06T09:52:39.769544Z</date>
  <millis>1562406759769</millis>
  <nanos>544000</nanos>
  <sequence>150</sequence>
  <logger>root.WTCBTC</logger>
  <level>INFO</level>
  <class>SimpleTradingBot.Controller.Controller</class>
  <method>checkExitQueue</method>
  <thread>19</thread>
  <message>Checking exit queue</message>
</record>
<record>
  <date>2019-07-06T09:52:43.256522Z</date>
  <millis>1562406763256</millis>
  <nanos>522000</nanos>
  <sequence>151</sequence>
  <logger>root.WTCBTC</logger>
  <level>INFO</level>
  <class>SimpleTradingBot.Controller.Controller</class>
  <method>checkExitQueue</method>
  <thread>19</thread>
  <message>Checking exit queue</message>
</record>
<record>
  <date>2019-07-06T09:52:45.503500Z</date>
  <millis>1562406765503</millis>
  <nanos>500000</nanos>
  <sequence>152</sequence>
  <logger>root.WTCBTC</logger>
  <level>INFO</level>
  <class>SimpleTradingBot.Controller.Controller</class>
  <method>checkExitQueue</method>
  <thread>19</thread>
  <message>Checking exit queue</message>
</record>
<record>
  <date>2019-07-06T09:52:54.118949Z</date>
  <millis>1562406774118</millis>
  <nanos>949000</nanos>
  <sequence>153</sequence>
  <logger>root.WTCBTC</logger>
  <level>INFO</level>
  <class>SimpleTradingBot.Controller.Controller</class>
  <method>checkExitQueue</method>
  <thread>19</thread>
  <message>Checking exit queue</message>
</record>
<record>
  <date>2019-07-06T09:52:56.978647Z</date>
  <millis>1562406776978</millis>
  <nanos>647000</nanos>
  <sequence>154</sequence>
  <logger>root.WTCBTC</logger>
  <level>INFO</level>
  <class>SimpleTradingBot.Controller.Controller</class>
  <method>checkExitQueue</method>
  <thread>19</thread>
  <message>Checking exit queue</message>
</record>
<record>
  <date>2019-07-06T09:52:59.123863Z</date>
  <millis>1562406779123</millis>
  <nanos>863000</nanos>
  <sequence>155</sequence>
  <logger>root.WTCBTC</logger>
  <level>INFO</level>
  <class>SimpleTradingBot.Controller.Controller</class>
  <method>checkExitQueue</method>
  <thread>19</thread>
  <message>Checking exit queue</message>
</record>
<record>
  <date>2019-07-06T09:53:01.791710Z</date>
  <millis>1562406781791</millis>
  <nanos>710000</nanos>
  <sequence>156</sequence>
  <logger>root.WTCBTC</logger>
  <level>INFO</level>
  <class>SimpleTradingBot.Controller.Controller</class>
  <method>checkExitQueue</method>
  <thread>19</thread>
  <message>Checking exit queue</message>
</record>
<record>
  <date>2019-07-06T09:53:04.152339Z</date>
  <millis>1562406784152</millis>
  <nanos>339000</nanos>
  <sequence>157</sequence>
  <logger>root.WTCBTC</logger>
  <level>INFO</level>
  <class>SimpleTradingBot.Controller.Controller</class>
  <method>checkExitQueue</method>
  <thread>19</thread>
  <message>Checking exit queue</message>
</record>
<record>
  <date>2019-07-06T09:53:04.153643Z</date>
  <millis>1562406784153</millis>
  <nanos>643000</nanos>
  <sequence>158</sequence>
  <logger>root.WTCBTC</logger>
  <level>INFO</level>
  <class>SimpleTradingBot.Controller.Controller</class>
  <method>onResponse</method>
  <thread>19</thread>
  <message>Adding bar to timeseries: CandlestickEvent[eventType=kline,eventTime=1562406783844,symbol=WTCBTC,openTime=1562406780000,open=0.00026500,high=0.00026500,low=0.00026500,close=0.00026500,volume=0.09000000,closeTime=1562406839999,intervalId=1m,firstTradeId=10338420,lastTradeId=10338420,quoteAssetVolume=0.00002385,numberOfTrades=1,takerBuyBaseAssetVolume=0.09000000,takerBuyQuoteAssetVolume=0.00002385,isBarFinal=false]</message>
</record>
<record>
  <date>2019-07-06T09:53:04.154397Z</date>
  <millis>1562406784154</millis>
  <nanos>397000</nanos>
  <sequence>159</sequence>
  <logger>root.WTCBTC.TrailingStop</logger>
  <level>INFO</level>
  <class>SimpleTradingBot.Controller.TrailingStop</class>
  <method>update</method>
  <thread>19</thread>
  <message>Updating stop loss: 0.0002</message>
</record>
<record>
  <date>2019-07-06T09:53:04.154628Z</date>
  <millis>1562406784154</millis>
  <nanos>628000</nanos>
  <sequence>160</sequence>
  <logger>root.WTCBTC.Trader</logger>
  <level>INFO</level>
  <class>SimpleTradingBot.Controller.Trader</class>
  <method>update</method>
  <thread>19</thread>
  <message>Position not maintained, skipping update.</message>
</record>
<record>
  <date>2019-07-06T09:53:04.154811Z</date>
  <millis>1562406784154</millis>
  <nanos>811000</nanos>
  <sequence>161</sequence>
  <logger>root.WTCBTC</logger>
  <level>INFO</level>
  <class>SimpleTradingBot.Controller.Controller</class>
  <method>shouldClose</method>
  <thread>19</thread>
  <message>State type: HOLD, updated: true</message>
</record>
<record>
  <date>2019-07-06T09:53:04.155173Z</date>
  <millis>1562406784155</millis>
  <nanos>173000</nanos>
  <sequence>162</sequence>
  <logger>root.WTCBTC.Trader</logger>
  <level>INFO</level>
  <class>SimpleTradingBot.Controller.Trader</class>
  <method>shouldClose</method>
  <thread>19</thread>
  <message>Last price: 0.00026500. Stop loss: 0.000251749999999999988231635938973340671509504318237304687500. Breached: false</message>
</record>
<record>
  <date>2019-07-06T09:53:04.155386Z</date>
  <millis>1562406784155</millis>
  <nanos>386000</nanos>
  <sequence>163</sequence>
  <logger>root.WTCBTC.Trader</logger>
  <level>INFO</level>
  <class>SimpleTradingBot.Controller.Trader</class>
  <method>shouldOpen</method>
  <thread>19</thread>
  <message>State: HOLD. Updated: true</message>
</record>
<record>
  <date>2019-07-06T09:53:04.155527Z</date>
  <millis>1562406784155</millis>
  <nanos>527000</nanos>
  <sequence>164</sequence>
  <logger>root.WTCBTC</logger>
  <level>INFO</level>
  <class>SimpleTradingBot.Controller.Controller</class>
  <method>onResponse</method>
  <thread>19</thread>
  <message>No action taken</message>
</record>
<record>
  <date>2019-07-06T09:53:06.984058Z</date>
  <millis>1562406786984</millis>
  <nanos>58000</nanos>
  <sequence>165</sequence>
  <logger>root.WTCBTC</logger>
  <level>INFO</level>
  <class>SimpleTradingBot.Controller.Controller</class>
  <method>checkExitQueue</method>
  <thread>19</thread>
  <message>Checking exit queue</message>
</record>
<record>
  <date>2019-07-06T09:53:08.946525Z</date>
  <millis>1562406788946</millis>
  <nanos>525000</nanos>
  <sequence>166</sequence>
  <logger>root.am</logger>
  <level>INFO</level>
  <class>SimpleTradingBot.Services.AccountManager</class>
  <method>maintenance</method>
  <thread>22</thread>
  <message>Preparing maintenance</message>
</record>
<record>
  <date>2019-07-06T09:53:08.946942Z</date>
  <millis>1562406788946</millis>
  <nanos>942000</nanos>
  <sequence>167</sequence>
  <logger>root.am</logger>
  <level>INFO</level>
  <class>SimpleTradingBot.Services.AccountManager</class>
  <method>maintenance_internal</method>
  <thread>22</thread>
  <message>Performing maintenance for symbol: WTCBTC</message>
</record>
<record>
  <date>2019-07-06T09:53:08.947286Z</date>
  <millis>1562406788947</millis>
  <nanos>286000</nanos>
  <sequence>168</sequence>
  <logger>root.am</logger>
  <level>INFO</level>
  <class>SimpleTradingBot.Services.AccountManager</class>
  <method>maintenance_internal</method>
  <thread>22</thread>
  <message>No maintenance required</message>
</record>
<record>
  <date>2019-07-06T09:53:08.947623Z</date>
  <millis>1562406788947</millis>
  <nanos>623000</nanos>
  <sequence>169</sequence>
  <logger>root.am</logger>
  <level>INFO</level>
  <class>SimpleTradingBot.Services.AccountManager</class>
  <method>maintenance</method>
  <thread>22</thread>
  <message>Exiting maintenance</message>
</record>
<record>
  <date>2019-07-06T09:53:10.080078Z</date>
  <millis>1562406790080</millis>
  <nanos>78000</nanos>
  <sequence>170</sequence>
  <logger>root.WTCBTC</logger>
  <level>INFO</level>
  <class>SimpleTradingBot.Controller.Controller</class>
  <method>checkExitQueue</method>
  <thread>19</thread>
  <message>Checking exit queue</message>
</record>
<record>
  <date>2019-07-06T09:53:13.201602Z</date>
  <millis>1562406793201</millis>
  <nanos>602000</nanos>
  <sequence>171</sequence>
  <logger>root.WTCBTC</logger>
  <level>INFO</level>
  <class>SimpleTradingBot.Controller.Controller</class>
  <method>checkExitQueue</method>
  <thread>19</thread>
  <message>Checking exit queue</message>
</record>
<record>
  <date>2019-07-06T09:53:16.025417Z</date>
  <millis>1562406796025</millis>
  <nanos>417000</nanos>
  <sequence>172</sequence>
  <logger>root.WTCBTC</logger>
  <level>INFO</level>
  <class>SimpleTradingBot.Controller.Controller</class>
  <method>checkExitQueue</method>
  <thread>19</thread>
  <message>Checking exit queue</message>
</record>
<record>
  <date>2019-07-06T09:53:19.398419Z</date>
  <millis>1562406799398</millis>
  <nanos>419000</nanos>
  <sequence>173</sequence>
  <logger>root.WTCBTC</logger>
  <level>INFO</level>
  <class>SimpleTradingBot.Controller.Controller</class>
  <method>checkExitQueue</method>
  <thread>19</thread>
  <message>Checking exit queue</message>
</record>
<record>
  <date>2019-07-06T09:53:22.060917Z</date>
  <millis>1562406802060</millis>
  <nanos>917000</nanos>
  <sequence>174</sequence>
  <logger>root.WTCBTC</logger>
  <level>INFO</level>
  <class>SimpleTradingBot.Controller.Controller</class>
  <method>checkExitQueue</method>
  <thread>19</thread>
  <message>Checking exit queue</message>
</record>
<record>
  <date>2019-07-06T09:53:24.211297Z</date>
  <millis>1562406804211</millis>
  <nanos>297000</nanos>
  <sequence>175</sequence>
  <logger>root.WTCBTC</logger>
  <level>INFO</level>
  <class>SimpleTradingBot.Controller.Controller</class>
  <method>checkExitQueue</method>
  <thread>19</thread>
  <message>Checking exit queue</message>
</record>
<record>
  <date>2019-07-06T09:53:26.361826Z</date>
  <millis>1562406806361</millis>
  <nanos>826000</nanos>
  <sequence>176</sequence>
  <logger>root.WTCBTC</logger>
  <level>INFO</level>
  <class>SimpleTradingBot.Controller.Controller</class>
  <method>checkExitQueue</method>
  <thread>19</thread>
  <message>Checking exit queue</message>
</record>
<record>
  <date>2019-07-06T09:53:28.409826Z</date>
  <millis>1562406808409</millis>
  <nanos>826000</nanos>
  <sequence>177</sequence>
  <logger>root.WTCBTC</logger>
  <level>INFO</level>
  <class>SimpleTradingBot.Controller.Controller</class>
  <method>checkExitQueue</method>
  <thread>19</thread>
  <message>Checking exit queue</message>
</record>
<record>
  <date>2019-07-06T09:53:31.276934Z</date>
  <millis>1562406811276</millis>
  <nanos>934000</nanos>
  <sequence>178</sequence>
  <logger>root.WTCBTC</logger>
  <level>INFO</level>
  <class>SimpleTradingBot.Controller.Controller</class>
  <method>checkExitQueue</method>
  <thread>19</thread>
  <message>Checking exit queue</message>
</record>
<record>
  <date>2019-07-06T09:53:34.660629Z</date>
  <millis>1562406814660</millis>
  <nanos>629000</nanos>
  <sequence>179</sequence>
  <logger>root.WTCBTC</logger>
  <level>INFO</level>
  <class>SimpleTradingBot.Controller.Controller</class>
  <method>checkExitQueue</method>
  <thread>19</thread>
  <message>Checking exit queue</message>
</record>
<record>
  <date>2019-07-06T09:53:37.833054Z</date>
  <millis>1562406817833</millis>
  <nanos>54000</nanos>
  <sequence>180</sequence>
  <logger>root.WTCBTC</logger>
  <level>INFO</level>
  <class>SimpleTradingBot.Controller.Controller</class>
  <method>checkExitQueue</method>
  <thread>19</thread>
  <message>Checking exit queue</message>
</record>
<record>
  <date>2019-07-06T09:53:40.188708Z</date>
  <millis>1562406820188</millis>
  <nanos>708000</nanos>
  <sequence>181</sequence>
  <logger>root.WTCBTC</logger>
  <level>INFO</level>
  <class>SimpleTradingBot.Controller.Controller</class>
  <method>checkExitQueue</method>
  <thread>19</thread>
  <message>Checking exit queue</message>
</record>
<record>
  <date>2019-07-06T09:53:43.265006Z</date>
  <millis>1562406823265</millis>
  <nanos>6000</nanos>
  <sequence>182</sequence>
  <logger>root.WTCBTC</logger>
  <level>INFO</level>
  <class>SimpleTradingBot.Controller.Controller</class>
  <method>checkExitQueue</method>
  <thread>19</thread>
  <message>Checking exit queue</message>
</record>
<record>
  <date>2019-07-06T09:53:45.724422Z</date>
  <millis>1562406825724</millis>
  <nanos>422000</nanos>
  <sequence>183</sequence>
  <logger>root.WTCBTC</logger>
  <level>INFO</level>
  <class>SimpleTradingBot.Controller.Controller</class>
  <method>checkExitQueue</method>
  <thread>19</thread>
  <message>Checking exit queue</message>
</record>
<record>
  <date>2019-07-06T09:53:48.176165Z</date>
  <millis>1562406828176</millis>
  <nanos>165000</nanos>
  <sequence>184</sequence>
  <logger>root.WTCBTC</logger>
  <level>INFO</level>
  <class>SimpleTradingBot.Controller.Controller</class>
  <method>checkExitQueue</method>
  <thread>19</thread>
  <message>Checking exit queue</message>
</record>
<record>
  <date>2019-07-06T09:53:51.229208Z</date>
  <millis>1562406831229</millis>
  <nanos>208000</nanos>
  <sequence>185</sequence>
  <logger>root.WTCBTC</logger>
  <level>INFO</level>
  <class>SimpleTradingBot.Controller.Controller</class>
  <method>checkExitQueue</method>
  <thread>19</thread>
  <message>Checking exit queue</message>
</record>
<record>
  <date>2019-07-06T09:53:54.337276Z</date>
  <millis>1562406834337</millis>
  <nanos>276000</nanos>
  <sequence>186</sequence>
  <logger>root.WTCBTC</logger>
  <level>INFO</level>
  <class>SimpleTradingBot.Controller.Controller</class>
  <method>checkExitQueue</method>
  <thread>19</thread>
  <message>Checking exit queue</message>
</record>
<record>
  <date>2019-07-06T09:53:57.392153Z</date>
  <millis>1562406837392</millis>
  <nanos>153000</nanos>
  <sequence>187</sequence>
  <logger>root.WTCBTC</logger>
  <level>INFO</level>
  <class>SimpleTradingBot.Controller.Controller</class>
  <method>checkExitQueue</method>
  <thread>19</thread>
  <message>Checking exit queue</message>
</record>
<record>
  <date>2019-07-06T09:54:00.216116Z</date>
  <millis>1562406840216</millis>
  <nanos>116000</nanos>
  <sequence>188</sequence>
  <logger>root.WTCBTC</logger>
  <level>INFO</level>
  <class>SimpleTradingBot.Controller.Controller</class>
  <method>checkExitQueue</method>
  <thread>19</thread>
  <message>Checking exit queue</message>
</record>
<record>
  <date>2019-07-06T09:54:01.177859Z</date>
  <millis>1562406841177</millis>
  <nanos>859000</nanos>
  <sequence>189</sequence>
  <logger>root.WTCBTC</logger>
  <level>INFO</level>
  <class>SimpleTradingBot.Controller.Controller</class>
  <method>checkExitQueue</method>
  <thread>19</thread>
  <message>Checking exit queue</message>
</record>
<record>
  <date>2019-07-06T09:54:03.226054Z</date>
  <millis>1562406843226</millis>
  <nanos>54000</nanos>
  <sequence>190</sequence>
  <logger>root.WTCBTC</logger>
  <level>INFO</level>
  <class>SimpleTradingBot.Controller.Controller</class>
  <method>checkExitQueue</method>
  <thread>19</thread>
  <message>Checking exit queue</message>
</record>
<record>
  <date>2019-07-06T09:54:03.226721Z</date>
  <millis>1562406843226</millis>
  <nanos>721000</nanos>
  <sequence>191</sequence>
  <logger>root.WTCBTC</logger>
  <level>INFO</level>
  <class>SimpleTradingBot.Controller.Controller</class>
  <method>onResponse</method>
  <thread>19</thread>
  <message>Adding bar to timeseries: CandlestickEvent[eventType=kline,eventTime=1562406843083,symbol=WTCBTC,openTime=1562406840000,open=0.00026670,high=0.00026690,low=0.00026670,close=0.00026690,volume=66.56000000,closeTime=1562406899999,intervalId=1m,firstTradeId=10338518,lastTradeId=10338521,quoteAssetVolume=0.01776024,numberOfTrades=4,takerBuyBaseAssetVolume=66.56000000,takerBuyQuoteAssetVolume=0.01776024,isBarFinal=false]</message>
</record>
<record>
  <date>2019-07-06T09:54:03.227277Z</date>
  <millis>1562406843227</millis>
  <nanos>277000</nanos>
  <sequence>192</sequence>
  <logger>root.WTCBTC.TrailingStop</logger>
  <level>INFO</level>
  <class>SimpleTradingBot.Controller.TrailingStop</class>
  <method>update</method>
  <thread>19</thread>
  <message>Updating stop loss: 0.0002</message>
</record>
<record>
  <date>2019-07-06T09:54:03.227537Z</date>
  <millis>1562406843227</millis>
  <nanos>537000</nanos>
  <sequence>193</sequence>
  <logger>root.WTCBTC.Trader</logger>
  <level>INFO</level>
  <class>SimpleTradingBot.Controller.Trader</class>
  <method>update</method>
  <thread>19</thread>
  <message>Position not maintained, skipping update.</message>
</record>
<record>
  <date>2019-07-06T09:54:03.227824Z</date>
  <millis>1562406843227</millis>
  <nanos>824000</nanos>
  <sequence>194</sequence>
  <logger>root.WTCBTC</logger>
  <level>INFO</level>
  <class>SimpleTradingBot.Controller.Controller</class>
  <method>shouldClose</method>
  <thread>19</thread>
  <message>State type: HOLD, updated: true</message>
</record>
<record>
  <date>2019-07-06T09:54:03.228230Z</date>
  <millis>1562406843228</millis>
  <nanos>230000</nanos>
  <sequence>195</sequence>
  <logger>root.WTCBTC.Trader</logger>
  <level>INFO</level>
  <class>SimpleTradingBot.Controller.Trader</class>
  <method>shouldClose</method>
  <thread>19</thread>
  <message>Last price: 0.00026690. Stop loss: 0.000253554999999999988147258989101828774437308311462402343750. Breached: false</message>
</record>
<record>
  <date>2019-07-06T09:54:03.228502Z</date>
  <millis>1562406843228</millis>
  <nanos>502000</nanos>
  <sequence>196</sequence>
  <logger>root.WTCBTC.Trader</logger>
  <level>INFO</level>
  <class>SimpleTradingBot.Controller.Trader</class>
  <method>shouldOpen</method>
  <thread>19</thread>
  <message>State: HOLD. Updated: true</message>
</record>
<record>
  <date>2019-07-06T09:54:03.228778Z</date>
  <millis>1562406843228</millis>
  <nanos>778000</nanos>
  <sequence>197</sequence>
  <logger>root.WTCBTC</logger>
  <level>INFO</level>
  <class>SimpleTradingBot.Controller.Controller</class>
  <method>onResponse</method>
  <thread>19</thread>
  <message>No action taken</message>
</record>
<record>
  <date>2019-07-06T09:54:05.993134Z</date>
  <millis>1562406845993</millis>
  <nanos>134000</nanos>
  <sequence>198</sequence>
  <logger>root.WTCBTC</logger>
  <level>INFO</level>
  <class>SimpleTradingBot.Controller.Controller</class>
  <method>checkExitQueue</method>
  <thread>19</thread>
  <message>Checking exit queue</message>
</record>
<record>
  <date>2019-07-06T09:54:08.946241Z</date>
  <millis>1562406848946</millis>
  <nanos>241000</nanos>
  <sequence>199</sequence>
  <logger>root.am</logger>
  <level>INFO</level>
  <class>SimpleTradingBot.Services.AccountManager</class>
  <method>maintenance</method>
  <thread>22</thread>
  <message>Preparing maintenance</message>
</record>
<record>
  <date>2019-07-06T09:54:08.946617Z</date>
  <millis>1562406848946</millis>
  <nanos>617000</nanos>
  <sequence>200</sequence>
  <logger>root.am</logger>
  <level>INFO</level>
  <class>SimpleTradingBot.Services.AccountManager</class>
  <method>maintenance_internal</method>
  <thread>22</thread>
  <message>Performing maintenance for symbol: WTCBTC</message>
</record>
<record>
  <date>2019-07-06T09:54:08.946801Z</date>
  <millis>1562406848946</millis>
  <nanos>801000</nanos>
  <sequence>201</sequence>
  <logger>root.am</logger>
  <level>INFO</level>
  <class>SimpleTradingBot.Services.AccountManager</class>
  <method>maintenance_internal</method>
  <thread>22</thread>
  <message>No maintenance required</message>
</record>
<record>
  <date>2019-07-06T09:54:08.946966Z</date>
  <millis>1562406848946</millis>
  <nanos>966000</nanos>
  <sequence>202</sequence>
  <logger>root.am</logger>
  <level>INFO</level>
  <class>SimpleTradingBot.Services.AccountManager</class>
  <method>maintenance</method>
  <thread>22</thread>
  <message>Exiting maintenance</message>
</record>
<record>
  <date>2019-07-06T09:54:08.983209Z</date>
  <millis>1562406848983</millis>
  <nanos>209000</nanos>
  <sequence>203</sequence>
  <logger>root.WTCBTC</logger>
  <level>INFO</level>
  <class>SimpleTradingBot.Controller.Controller</class>
  <method>checkExitQueue</method>
  <thread>19</thread>
  <message>Checking exit queue</message>
</record>
<record>
  <date>2019-07-06T09:54:11.237584Z</date>
  <millis>1562406851237</millis>
  <nanos>584000</nanos>
  <sequence>204</sequence>
  <logger>root.WTCBTC</logger>
  <level>INFO</level>
  <class>SimpleTradingBot.Controller.Controller</class>
  <method>checkExitQueue</method>
  <thread>19</thread>
  <message>Checking exit queue</message>
</record>
<record>
  <date>2019-07-06T09:54:13.937378Z</date>
  <millis>1562406853937</millis>
  <nanos>378000</nanos>
  <sequence>205</sequence>
  <logger>root.WTCBTC</logger>
  <level>INFO</level>
  <class>SimpleTradingBot.Controller.Controller</class>
  <method>checkExitQueue</method>
  <thread>19</thread>
  <message>Checking exit queue</message>
</record>
<record>
  <date>2019-07-06T09:54:16.748881Z</date>
  <millis>1562406856748</millis>
  <nanos>881000</nanos>
  <sequence>206</sequence>
  <logger>root.WTCBTC</logger>
  <level>INFO</level>
  <class>SimpleTradingBot.Controller.Controller</class>
  <method>checkExitQueue</method>
  <thread>19</thread>
  <message>Checking exit queue</message>
</record>
<record>
  <date>2019-07-06T09:54:19.444694Z</date>
  <millis>1562406859444</millis>
  <nanos>694000</nanos>
  <sequence>207</sequence>
  <logger>root.WTCBTC</logger>
  <level>INFO</level>
  <class>SimpleTradingBot.Controller.Controller</class>
  <method>checkExitQueue</method>
  <thread>19</thread>
  <message>Checking exit queue</message>
</record>
<record>
  <date>2019-07-06T09:54:22.087895Z</date>
  <millis>1562406862087</millis>
  <nanos>895000</nanos>
  <sequence>208</sequence>
  <logger>root.WTCBTC</logger>
  <level>INFO</level>
  <class>SimpleTradingBot.Controller.Controller</class>
  <method>checkExitQueue</method>
  <thread>19</thread>
  <message>Checking exit queue</message>
</record>
<record>
  <date>2019-07-06T09:54:25.078761Z</date>
  <millis>1562406865078</millis>
  <nanos>761000</nanos>
  <sequence>209</sequence>
  <logger>root.WTCBTC</logger>
  <level>INFO</level>
  <class>SimpleTradingBot.Controller.Controller</class>
  <method>checkExitQueue</method>
  <thread>19</thread>
  <message>Checking exit queue</message>
</record>
<record>
  <date>2019-07-06T09:54:27.392472Z</date>
  <millis>1562406867392</millis>
  <nanos>472000</nanos>
  <sequence>210</sequence>
  <logger>root.WTCBTC</logger>
  <level>INFO</level>
  <class>SimpleTradingBot.Controller.Controller</class>
  <method>checkExitQueue</method>
  <thread>19</thread>
  <message>Checking exit queue</message>
</record>
<record>
  <date>2019-07-06T09:54:29.646608Z</date>
  <millis>1562406869646</millis>
  <nanos>608000</nanos>
  <sequence>211</sequence>
  <logger>root.WTCBTC</logger>
  <level>INFO</level>
  <class>SimpleTradingBot.Controller.Controller</class>
  <method>checkExitQueue</method>
  <thread>19</thread>
  <message>Checking exit queue</message>
</record>
<record>
  <date>2019-07-06T09:54:32.112317Z</date>
  <millis>1562406872112</millis>
  <nanos>317000</nanos>
  <sequence>212</sequence>
  <logger>root.WTCBTC</logger>
  <level>INFO</level>
  <class>SimpleTradingBot.Controller.Controller</class>
  <method>checkExitQueue</method>
  <thread>19</thread>
  <message>Checking exit queue</message>
</record>
<record>
  <date>2019-07-06T09:54:35.176920Z</date>
  <millis>1562406875176</millis>
  <nanos>920000</nanos>
  <sequence>213</sequence>
  <logger>root.WTCBTC</logger>
  <level>INFO</level>
  <class>SimpleTradingBot.Controller.Controller</class>
  <method>checkExitQueue</method>
  <thread>19</thread>
  <message>Checking exit queue</message>
</record>
<record>
  <date>2019-07-06T09:54:37.066242Z</date>
  <millis>1562406877066</millis>
  <nanos>242000</nanos>
  <sequence>214</sequence>
  <logger>root.WTCBTC</logger>
  <level>INFO</level>
  <class>SimpleTradingBot.Controller.Controller</class>
  <method>checkExitQueue</method>
  <thread>19</thread>
  <message>Checking exit queue</message>
</record>
<record>
  <date>2019-07-06T09:54:39.475301Z</date>
  <millis>1562406879475</millis>
  <nanos>301000</nanos>
  <sequence>215</sequence>
  <logger>root.WTCBTC</logger>
  <level>INFO</level>
  <class>SimpleTradingBot.Controller.Controller</class>
  <method>checkExitQueue</method>
  <thread>19</thread>
  <message>Checking exit queue</message>
</record>
<record>
  <date>2019-07-06T09:54:42.479097Z</date>
  <millis>1562406882479</millis>
  <nanos>97000</nanos>
  <sequence>216</sequence>
  <logger>root.WTCBTC</logger>
  <level>INFO</level>
  <class>SimpleTradingBot.Controller.Controller</class>
  <method>checkExitQueue</method>
  <thread>19</thread>
  <message>Checking exit queue</message>
</record>
<record>
  <date>2019-07-06T09:54:44.699817Z</date>
  <millis>1562406884699</millis>
  <nanos>817000</nanos>
  <sequence>217</sequence>
  <logger>root.WTCBTC</logger>
  <level>INFO</level>
  <class>SimpleTradingBot.Controller.Controller</class>
  <method>checkExitQueue</method>
  <thread>19</thread>
  <message>Checking exit queue</message>
</record>
<record>
  <date>2019-07-06T09:54:47.463274Z</date>
  <millis>1562406887463</millis>
  <nanos>274000</nanos>
  <sequence>218</sequence>
  <logger>root.WTCBTC</logger>
  <level>INFO</level>
  <class>SimpleTradingBot.Controller.Controller</class>
  <method>checkExitQueue</method>
  <thread>19</thread>
  <message>Checking exit queue</message>
</record>
<record>
  <date>2019-07-06T09:54:49.612863Z</date>
  <millis>1562406889612</millis>
  <nanos>863000</nanos>
  <sequence>219</sequence>
  <logger>root.WTCBTC</logger>
  <level>INFO</level>
  <class>SimpleTradingBot.Controller.Controller</class>
  <method>checkExitQueue</method>
  <thread>19</thread>
  <message>Checking exit queue</message>
</record>
<record>
  <date>2019-07-06T09:54:53.299412Z</date>
  <millis>1562406893299</millis>
  <nanos>412000</nanos>
  <sequence>220</sequence>
  <logger>root.WTCBTC</logger>
  <level>INFO</level>
  <class>SimpleTradingBot.Controller.Controller</class>
  <method>checkExitQueue</method>
  <thread>19</thread>
  <message>Checking exit queue</message>
</record>
<record>
  <date>2019-07-06T09:54:56.065955Z</date>
  <millis>1562406896065</millis>
  <nanos>955000</nanos>
  <sequence>221</sequence>
  <logger>root.WTCBTC</logger>
  <level>INFO</level>
  <class>SimpleTradingBot.Controller.Controller</class>
  <method>checkExitQueue</method>
  <thread>19</thread>
  <message>Checking exit queue</message>
</record>
<record>
  <date>2019-07-06T09:54:58.522547Z</date>
  <millis>1562406898522</millis>
  <nanos>547000</nanos>
  <sequence>222</sequence>
  <logger>root.WTCBTC</logger>
  <level>INFO</level>
  <class>SimpleTradingBot.Controller.Controller</class>
  <method>checkExitQueue</method>
  <thread>19</thread>
  <message>Checking exit queue</message>
</record>
<record>
  <date>2019-07-06T09:55:00.243062Z</date>
  <millis>1562406900243</millis>
  <nanos>62000</nanos>
  <sequence>223</sequence>
  <logger>root.WTCBTC</logger>
  <level>INFO</level>
  <class>SimpleTradingBot.Controller.Controller</class>
  <method>checkExitQueue</method>
  <thread>19</thread>
  <message>Checking exit queue</message>
</record>
<record>
  <date>2019-07-06T09:55:02.516001Z</date>
  <millis>1562406902516</millis>
  <nanos>1000</nanos>
  <sequence>224</sequence>
  <logger>root.WTCBTC</logger>
  <level>INFO</level>
  <class>SimpleTradingBot.Controller.Controller</class>
  <method>checkExitQueue</method>
  <thread>19</thread>
  <message>Checking exit queue</message>
</record>
<record>
  <date>2019-07-06T09:55:02.517249Z</date>
  <millis>1562406902517</millis>
  <nanos>249000</nanos>
  <sequence>225</sequence>
  <logger>root.WTCBTC</logger>
  <level>INFO</level>
  <class>SimpleTradingBot.Controller.Controller</class>
  <method>onResponse</method>
  <thread>19</thread>
  <message>Adding bar to timeseries: CandlestickEvent[eventType=kline,eventTime=1562406902320,symbol=WTCBTC,openTime=1562406900000,open=0.00026690,high=0.00026690,low=0.00026600,close=0.00026600,volume=325.42000000,closeTime=1562406959999,intervalId=1m,firstTradeId=10338668,lastTradeId=10338671,quoteAssetVolume=0.08663282,numberOfTrades=4,takerBuyBaseAssetVolume=29.00000000,takerBuyQuoteAssetVolume=0.00774010,isBarFinal=false]</message>
</record>
<record>
  <date>2019-07-06T09:55:02.518075Z</date>
  <millis>1562406902518</millis>
  <nanos>75000</nanos>
  <sequence>226</sequence>
  <logger>root.WTCBTC.TrailingStop</logger>
  <level>INFO</level>
  <class>SimpleTradingBot.Controller.TrailingStop</class>
  <method>update</method>
  <thread>19</thread>
  <message>No stop loss update required</message>
</record>
<record>
  <date>2019-07-06T09:55:02.518345Z</date>
  <millis>1562406902518</millis>
  <nanos>345000</nanos>
  <sequence>227</sequence>
  <logger>root.WTCBTC.Trader</logger>
  <level>INFO</level>
  <class>SimpleTradingBot.Controller.Trader</class>
  <method>update</method>
  <thread>19</thread>
  <message>Position not maintained, skipping update.</message>
</record>
<record>
  <date>2019-07-06T09:55:02.518564Z</date>
  <millis>1562406902518</millis>
  <nanos>564000</nanos>
  <sequence>228</sequence>
  <logger>root.WTCBTC</logger>
  <level>INFO</level>
  <class>SimpleTradingBot.Controller.Controller</class>
  <method>shouldClose</method>
  <thread>19</thread>
  <message>State type: HOLD, updated: true</message>
</record>
<record>
  <date>2019-07-06T09:55:02.518833Z</date>
  <millis>1562406902518</millis>
  <nanos>833000</nanos>
  <sequence>229</sequence>
  <logger>root.WTCBTC.Trader</logger>
  <level>INFO</level>
  <class>SimpleTradingBot.Controller.Trader</class>
  <method>shouldClose</method>
  <thread>19</thread>
  <message>Last price: 0.00026600. Stop loss: 0.000253554999999999988147258989101828774437308311462402343750. Breached: false</message>
</record>
<record>
  <date>2019-07-06T09:55:02.519060Z</date>
  <millis>1562406902519</millis>
  <nanos>60000</nanos>
  <sequence>230</sequence>
  <logger>root.WTCBTC.Trader</logger>
  <level>INFO</level>
  <class>SimpleTradingBot.Controller.Trader</class>
  <method>shouldOpen</method>
  <thread>19</thread>
  <message>State: HOLD. Updated: true</message>
</record>
<record>
  <date>2019-07-06T09:55:02.519252Z</date>
  <millis>1562406902519</millis>
  <nanos>252000</nanos>
  <sequence>231</sequence>
  <logger>root.WTCBTC</logger>
  <level>INFO</level>
  <class>SimpleTradingBot.Controller.Controller</class>
  <method>onResponse</method>
  <thread>19</thread>
  <message>No action taken</message>
</record>
<record>
  <date>2019-07-06T09:55:04.973402Z</date>
  <millis>1562406904973</millis>
  <nanos>402000</nanos>
  <sequence>232</sequence>
  <logger>root.WTCBTC</logger>
  <level>INFO</level>
  <class>SimpleTradingBot.Controller.Controller</class>
  <method>checkExitQueue</method>
  <thread>19</thread>
  <message>Checking exit queue</message>
</record>
