<?xml version="1.0" encoding="UTF-8" standalone="no"?>
<!DOCTYPE log SYSTEM "logger.dtd">
<log>
<record>
  <date>2019-07-10T18:19:03.524704Z</date>
  <millis>1562782743524</millis>
  <nanos>704000</nanos>
  <sequence>40</sequence>
  <logger>root.DOCKBTC</logger>
  <level>INFO</level>
  <class>SimpleTradingBot.Controller.Controller</class>
  <method>initSeries</method>
  <thread>1</thread>
  <message>Initialising timeseries with 500 bars</message>
</record>
<record>
  <date>2019-07-10T18:19:03.532474Z</date>
  <millis>1562782743532</millis>
  <nanos>474000</nanos>
  <sequence>42</sequence>
  <logger>root.DOCKBTC</logger>
  <level>INFO</level>
  <class>SimpleTradingBot.Controller.Controller</class>
  <method>liveStream</method>
  <thread>1</thread>
  <message>Attempting data stream....</message>
</record>
<record>
  <date>2019-07-10T18:19:03.534411Z</date>
  <millis>1562782743534</millis>
  <nanos>411000</nanos>
  <sequence>43</sequence>
  <logger>root.DOCKBTC</logger>
  <level>INFO</level>
  <class>SimpleTradingBot.Controller.Controller</class>
  <method>liveStream</method>
  <thread>1</thread>
  <message>Connected to WSS data stream at 19:19, DOCKBTC</message>
</record>
<record>
  <date>2019-07-10T18:19:07.712167Z</date>
  <millis>1562782747712</millis>
  <nanos>167000</nanos>
  <sequence>67</sequence>
  <logger>root.DOCKBTC</logger>
  <level>INFO</level>
  <class>SimpleTradingBot.Controller.Controller</class>
  <method>onResponse</method>
  <thread>25</thread>
  <message>Received candlestick response in time</message>
</record>
<record>
  <date>2019-07-10T18:19:07.714212Z</date>
  <millis>1562782747714</millis>
  <nanos>212000</nanos>
  <sequence>68</sequence>
  <logger>root.DOCKBTC</logger>
  <level>INFO</level>
  <class>SimpleTradingBot.Controller.Controller</class>
  <method>checkExitQueue</method>
  <thread>25</thread>
  <message>Checking exit queue</message>
</record>
<record>
  <date>2019-07-10T18:19:07.753154Z</date>
  <millis>1562782747753</millis>
  <nanos>154000</nanos>
  <sequence>69</sequence>
  <logger>root.DOCKBTC</logger>
  <level>INFO</level>
  <class>SimpleTradingBot.Controller.Controller</class>
  <method>onResponse</method>
  <thread>25</thread>
  <message>Adding bar to timeseries: CandlestickEvent[eventType=kline,eventTime=1562782747571,symbol=DOCKBTC,openTime=1562782740000,open=0.00000100,high=0.00000100,low=0.00000100,close=0.00000100,volume=2979.00000000,closeTime=1562782799999,intervalId=1m,firstTradeId=3605980,lastTradeId=3605980,quoteAssetVolume=0.00297900,numberOfTrades=1,takerBuyBaseAssetVolume=0.00000000,takerBuyQuoteAssetVolume=0.00000000,isBarFinal=false]</message>
</record>
<record>
  <date>2019-07-10T18:19:07.754315Z</date>
  <millis>1562782747754</millis>
  <nanos>315000</nanos>
  <sequence>70</sequence>
  <logger>root.DOCKBTC.TrailingStop</logger>
  <level>INFO</level>
  <class>SimpleTradingBot.Controller.TrailingStop</class>
  <method>update</method>
  <thread>25</thread>
  <message>Updating stop loss: 0.0000</message>
</record>
<record>
  <date>2019-07-10T18:19:07.754650Z</date>
  <millis>1562782747754</millis>
  <nanos>650000</nanos>
  <sequence>71</sequence>
  <logger>root.DOCKBTC.Trader</logger>
  <level>INFO</level>
  <class>SimpleTradingBot.Controller.Trader</class>
  <method>update</method>
  <thread>25</thread>
  <message>Position not maintained, skipping update.</message>
</record>
<record>
  <date>2019-07-10T18:19:07.754928Z</date>
  <millis>1562782747754</millis>
  <nanos>928000</nanos>
  <sequence>72</sequence>
  <logger>root.DOCKBTC</logger>
  <level>INFO</level>
  <class>SimpleTradingBot.Controller.Controller</class>
  <method>shouldClose</method>
  <thread>25</thread>
  <message>State type: CLEAR, updated: true</message>
</record>
<record>
  <date>2019-07-10T18:19:07.755178Z</date>
  <millis>1562782747755</millis>
  <nanos>178000</nanos>
  <sequence>73</sequence>
  <logger>root.DOCKBTC.Trader</logger>
  <level>INFO</level>
  <class>SimpleTradingBot.Controller.Trader</class>
  <method>shouldOpen</method>
  <thread>25</thread>
  <message>State: CLEAR. Updated: true</message>
</record>
<record>
  <date>2019-07-10T18:19:07.755493Z</date>
  <millis>1562782747755</millis>
  <nanos>493000</nanos>
  <sequence>74</sequence>
  <logger>root.DOCKBTC</logger>
  <level>INFO</level>
  <class>SimpleTradingBot.Controller.Controller</class>
  <method>shouldOpen</method>
  <thread>25</thread>
  <message>Cold: true</message>
</record>
<record>
  <date>2019-07-10T18:19:07.755756Z</date>
  <millis>1562782747755</millis>
  <nanos>756000</nanos>
  <sequence>75</sequence>
  <logger>root.DOCKBTC</logger>
  <level>INFO</level>
  <class>SimpleTradingBot.Controller.Controller</class>
  <method>shouldOpen</method>
  <thread>25</thread>
  <message>Sufficient: true</message>
</record>
<record>
  <date>2019-07-10T18:19:07.755963Z</date>
  <millis>1562782747755</millis>
  <nanos>963000</nanos>
  <sequence>76</sequence>
  <logger>root.DOCKBTC</logger>
  <level>INFO</level>
  <class>SimpleTradingBot.Controller.Controller</class>
  <method>shouldOpen</method>
  <thread>25</thread>
  <message>TA: true</message>
</record>
<record>
  <date>2019-07-10T18:19:07.756195Z</date>
  <millis>1562782747756</millis>
  <nanos>195000</nanos>
  <sequence>77</sequence>
  <logger>root.DOCKBTC</logger>
  <level>INFO</level>
  <class>SimpleTradingBot.Controller.Controller</class>
  <method>open</method>
  <thread>25</thread>
  <message>Opening new order at 0.00000100</message>
</record>
<record>
  <date>2019-07-10T18:19:09.169011Z</date>
  <millis>1562782749169</millis>
  <nanos>11000</nanos>
  <sequence>78</sequence>
  <logger>root.DOCKBTC.Trader</logger>
  <level>SEVERE</level>
  <class>SimpleTradingBot.Controller.Trader</class>
  <method>submit</method>
  <thread>25</thread>
  <message>Failed submission. Attempt: 0</message>
  <exception>
    <message>com.binance.api.client.exception.BinanceApiException: Filter failure: MARKET_LOT_SIZE</message>
    <frame>
      <class>com.binance.api.client.impl.BinanceApiServiceGenerator</class>
      <method>executeSync</method>
      <line>77</line>
    </frame>
    <frame>
      <class>com.binance.api.client.impl.BinanceApiRestClientImpl</class>
      <method>newOrderTest</method>
      <line>139</line>
    </frame>
    <frame>
      <class>SimpleTradingBot.Controller.Trader</class>
      <method>submit</method>
      <line>319</line>
    </frame>
    <frame>
      <class>SimpleTradingBot.Controller.Trader</class>
      <method>open</method>
      <line>128</line>
    </frame>
    <frame>
      <class>SimpleTradingBot.Controller.Controller</class>
      <method>open</method>
      <line>386</line>
    </frame>
    <frame>
      <class>SimpleTradingBot.Controller.Controller</class>
      <method>onResponse</method>
      <line>310</line>
    </frame>
    <frame>
      <class>SimpleTradingBot.Controller.Controller</class>
      <method>onResponse</method>
      <line>36</line>
    </frame>
    <frame>
      <class>com.binance.api.client.impl.BinanceApiWebSocketListener</class>
      <method>onMessage</method>
      <line>41</line>
    </frame>
    <frame>
      <class>okhttp3.internal.ws.RealWebSocket</class>
      <method>onReadMessage</method>
      <line>322</line>
    </frame>
    <frame>
      <class>okhttp3.internal.ws.WebSocketReader</class>
      <method>readMessageFrame</method>
      <line>219</line>
    </frame>
    <frame>
      <class>okhttp3.internal.ws.WebSocketReader</class>
      <method>processNextFrame</method>
      <line>105</line>
    </frame>
    <frame>
      <class>okhttp3.internal.ws.RealWebSocket</class>
      <method>loopReader</method>
      <line>273</line>
    </frame>
    <frame>
      <class>okhttp3.internal.ws.RealWebSocket$2</class>
      <method>onResponse</method>
      <line>213</line>
    </frame>
    <frame>
      <class>okhttp3.RealCall$AsyncCall</class>
      <method>execute</method>
      <line>153</line>
    </frame>
    <frame>
      <class>okhttp3.internal.NamedRunnable</class>
      <method>run</method>
      <line>32</line>
    </frame>
    <frame>
      <class>java.util.concurrent.ThreadPoolExecutor</class>
      <method>runWorker</method>
      <line>1128</line>
    </frame>
    <frame>
      <class>java.util.concurrent.ThreadPoolExecutor$Worker</class>
      <method>run</method>
      <line>628</line>
    </frame>
    <frame>
      <class>java.lang.Thread</class>
      <method>run</method>
      <line>834</line>
    </frame>
  </exception>
</record>
<record>
  <date>2019-07-10T18:19:09.512054Z</date>
  <millis>1562782749512</millis>
  <nanos>54000</nanos>
  <sequence>79</sequence>
  <logger>root.DOCKBTC.Trader</logger>
  <level>SEVERE</level>
  <class>SimpleTradingBot.Controller.Trader</class>
  <method>submit</method>
  <thread>25</thread>
  <message>Failed submission. Attempt: 1</message>
  <exception>
    <message>com.binance.api.client.exception.BinanceApiException: Filter failure: MARKET_LOT_SIZE</message>
    <frame>
      <class>com.binance.api.client.impl.BinanceApiServiceGenerator</class>
      <method>executeSync</method>
      <line>77</line>
    </frame>
    <frame>
      <class>com.binance.api.client.impl.BinanceApiRestClientImpl</class>
      <method>newOrderTest</method>
      <line>139</line>
    </frame>
    <frame>
      <class>SimpleTradingBot.Controller.Trader</class>
      <method>submit</method>
      <line>319</line>
    </frame>
    <frame>
      <class>SimpleTradingBot.Controller.Trader</class>
      <method>open</method>
      <line>128</line>
    </frame>
    <frame>
      <class>SimpleTradingBot.Controller.Controller</class>
      <method>open</method>
      <line>386</line>
    </frame>
    <frame>
      <class>SimpleTradingBot.Controller.Controller</class>
      <method>onResponse</method>
      <line>310</line>
    </frame>
    <frame>
      <class>SimpleTradingBot.Controller.Controller</class>
      <method>onResponse</method>
      <line>36</line>
    </frame>
    <frame>
      <class>com.binance.api.client.impl.BinanceApiWebSocketListener</class>
      <method>onMessage</method>
      <line>41</line>
    </frame>
    <frame>
      <class>okhttp3.internal.ws.RealWebSocket</class>
      <method>onReadMessage</method>
      <line>322</line>
    </frame>
    <frame>
      <class>okhttp3.internal.ws.WebSocketReader</class>
      <method>readMessageFrame</method>
      <line>219</line>
    </frame>
    <frame>
      <class>okhttp3.internal.ws.WebSocketReader</class>
      <method>processNextFrame</method>
      <line>105</line>
    </frame>
    <frame>
      <class>okhttp3.internal.ws.RealWebSocket</class>
      <method>loopReader</method>
      <line>273</line>
    </frame>
    <frame>
      <class>okhttp3.internal.ws.RealWebSocket$2</class>
      <method>onResponse</method>
      <line>213</line>
    </frame>
    <frame>
      <class>okhttp3.RealCall$AsyncCall</class>
      <method>execute</method>
      <line>153</line>
    </frame>
    <frame>
      <class>okhttp3.internal.NamedRunnable</class>
      <method>run</method>
      <line>32</line>
    </frame>
    <frame>
      <class>java.util.concurrent.ThreadPoolExecutor</class>
      <method>runWorker</method>
      <line>1128</line>
    </frame>
    <frame>
      <class>java.util.concurrent.ThreadPoolExecutor$Worker</class>
      <method>run</method>
      <line>628</line>
    </frame>
    <frame>
      <class>java.lang.Thread</class>
      <method>run</method>
      <line>834</line>
    </frame>
  </exception>
</record>
<record>
  <date>2019-07-10T18:19:10.490825Z</date>
  <millis>1562782750490</millis>
  <nanos>825000</nanos>
  <sequence>113</sequence>
  <logger>root.DOCKBTC.Trader</logger>
  <level>SEVERE</level>
  <class>SimpleTradingBot.Controller.Trader</class>
  <method>submit</method>
  <thread>25</thread>
  <message>Failed submission. Attempt: 2</message>
  <exception>
    <message>com.binance.api.client.exception.BinanceApiException: Filter failure: MARKET_LOT_SIZE</message>
    <frame>
      <class>com.binance.api.client.impl.BinanceApiServiceGenerator</class>
      <method>executeSync</method>
      <line>77</line>
    </frame>
    <frame>
      <class>com.binance.api.client.impl.BinanceApiRestClientImpl</class>
      <method>newOrderTest</method>
      <line>139</line>
    </frame>
    <frame>
      <class>SimpleTradingBot.Controller.Trader</class>
      <method>submit</method>
      <line>319</line>
    </frame>
    <frame>
      <class>SimpleTradingBot.Controller.Trader</class>
      <method>open</method>
      <line>128</line>
    </frame>
    <frame>
      <class>SimpleTradingBot.Controller.Controller</class>
      <method>open</method>
      <line>386</line>
    </frame>
    <frame>
      <class>SimpleTradingBot.Controller.Controller</class>
      <method>onResponse</method>
      <line>310</line>
    </frame>
    <frame>
      <class>SimpleTradingBot.Controller.Controller</class>
      <method>onResponse</method>
      <line>36</line>
    </frame>
    <frame>
      <class>com.binance.api.client.impl.BinanceApiWebSocketListener</class>
      <method>onMessage</method>
      <line>41</line>
    </frame>
    <frame>
      <class>okhttp3.internal.ws.RealWebSocket</class>
      <method>onReadMessage</method>
      <line>322</line>
    </frame>
    <frame>
      <class>okhttp3.internal.ws.WebSocketReader</class>
      <method>readMessageFrame</method>
      <line>219</line>
    </frame>
    <frame>
      <class>okhttp3.internal.ws.WebSocketReader</class>
      <method>processNextFrame</method>
      <line>105</line>
    </frame>
    <frame>
      <class>okhttp3.internal.ws.RealWebSocket</class>
      <method>loopReader</method>
      <line>273</line>
    </frame>
    <frame>
      <class>okhttp3.internal.ws.RealWebSocket$2</class>
      <method>onResponse</method>
      <line>213</line>
    </frame>
    <frame>
      <class>okhttp3.RealCall$AsyncCall</class>
      <method>execute</method>
      <line>153</line>
    </frame>
    <frame>
      <class>okhttp3.internal.NamedRunnable</class>
      <method>run</method>
      <line>32</line>
    </frame>
    <frame>
      <class>java.util.concurrent.ThreadPoolExecutor</class>
      <method>runWorker</method>
      <line>1128</line>
    </frame>
    <frame>
      <class>java.util.concurrent.ThreadPoolExecutor$Worker</class>
      <method>run</method>
      <line>628</line>
    </frame>
    <frame>
      <class>java.lang.Thread</class>
      <method>run</method>
      <line>834</line>
    </frame>
  </exception>
</record>
<record>
  <date>2019-07-10T18:19:11.642192Z</date>
  <millis>1562782751642</millis>
  <nanos>192000</nanos>
  <sequence>120</sequence>
  <logger>root.DOCKBTC.Trader</logger>
  <level>SEVERE</level>
  <class>SimpleTradingBot.Controller.Trader</class>
  <method>submit</method>
  <thread>25</thread>
  <message>Failed submission. Attempt: 3</message>
  <exception>
    <message>com.binance.api.client.exception.BinanceApiException: Filter failure: MARKET_LOT_SIZE</message>
    <frame>
      <class>com.binance.api.client.impl.BinanceApiServiceGenerator</class>
      <method>executeSync</method>
      <line>77</line>
    </frame>
    <frame>
      <class>com.binance.api.client.impl.BinanceApiRestClientImpl</class>
      <method>newOrderTest</method>
      <line>139</line>
    </frame>
    <frame>
      <class>SimpleTradingBot.Controller.Trader</class>
      <method>submit</method>
      <line>319</line>
    </frame>
    <frame>
      <class>SimpleTradingBot.Controller.Trader</class>
      <method>open</method>
      <line>128</line>
    </frame>
    <frame>
      <class>SimpleTradingBot.Controller.Controller</class>
      <method>open</method>
      <line>386</line>
    </frame>
    <frame>
      <class>SimpleTradingBot.Controller.Controller</class>
      <method>onResponse</method>
      <line>310</line>
    </frame>
    <frame>
      <class>SimpleTradingBot.Controller.Controller</class>
      <method>onResponse</method>
      <line>36</line>
    </frame>
    <frame>
      <class>com.binance.api.client.impl.BinanceApiWebSocketListener</class>
      <method>onMessage</method>
      <line>41</line>
    </frame>
    <frame>
      <class>okhttp3.internal.ws.RealWebSocket</class>
      <method>onReadMessage</method>
      <line>322</line>
    </frame>
    <frame>
      <class>okhttp3.internal.ws.WebSocketReader</class>
      <method>readMessageFrame</method>
      <line>219</line>
    </frame>
    <frame>
      <class>okhttp3.internal.ws.WebSocketReader</class>
      <method>processNextFrame</method>
      <line>105</line>
    </frame>
    <frame>
      <class>okhttp3.internal.ws.RealWebSocket</class>
      <method>loopReader</method>
      <line>273</line>
    </frame>
    <frame>
      <class>okhttp3.internal.ws.RealWebSocket$2</class>
      <method>onResponse</method>
      <line>213</line>
    </frame>
    <frame>
      <class>okhttp3.RealCall$AsyncCall</class>
      <method>execute</method>
      <line>153</line>
    </frame>
    <frame>
      <class>okhttp3.internal.NamedRunnable</class>
      <method>run</method>
      <line>32</line>
    </frame>
    <frame>
      <class>java.util.concurrent.ThreadPoolExecutor</class>
      <method>runWorker</method>
      <line>1128</line>
    </frame>
    <frame>
      <class>java.util.concurrent.ThreadPoolExecutor$Worker</class>
      <method>run</method>
      <line>628</line>
    </frame>
    <frame>
      <class>java.lang.Thread</class>
      <method>run</method>
      <line>834</line>
    </frame>
  </exception>
</record>
<record>
  <date>2019-07-10T18:19:11.993942Z</date>
  <millis>1562782751993</millis>
  <nanos>942000</nanos>
  <sequence>121</sequence>
  <logger>root.DOCKBTC.Trader</logger>
  <level>SEVERE</level>
  <class>SimpleTradingBot.Controller.Trader</class>
  <method>submit</method>
  <thread>25</thread>
  <message>Failed submission. Attempt: 4</message>
  <exception>
    <message>com.binance.api.client.exception.BinanceApiException: Filter failure: MARKET_LOT_SIZE</message>
    <frame>
      <class>com.binance.api.client.impl.BinanceApiServiceGenerator</class>
      <method>executeSync</method>
      <line>77</line>
    </frame>
    <frame>
      <class>com.binance.api.client.impl.BinanceApiRestClientImpl</class>
      <method>newOrderTest</method>
      <line>139</line>
    </frame>
    <frame>
      <class>SimpleTradingBot.Controller.Trader</class>
      <method>submit</method>
      <line>319</line>
    </frame>
    <frame>
      <class>SimpleTradingBot.Controller.Trader</class>
      <method>open</method>
      <line>128</line>
    </frame>
    <frame>
      <class>SimpleTradingBot.Controller.Controller</class>
      <method>open</method>
      <line>386</line>
    </frame>
    <frame>
      <class>SimpleTradingBot.Controller.Controller</class>
      <method>onResponse</method>
      <line>310</line>
    </frame>
    <frame>
      <class>SimpleTradingBot.Controller.Controller</class>
      <method>onResponse</method>
      <line>36</line>
    </frame>
    <frame>
      <class>com.binance.api.client.impl.BinanceApiWebSocketListener</class>
      <method>onMessage</method>
      <line>41</line>
    </frame>
    <frame>
      <class>okhttp3.internal.ws.RealWebSocket</class>
      <method>onReadMessage</method>
      <line>322</line>
    </frame>
    <frame>
      <class>okhttp3.internal.ws.WebSocketReader</class>
      <method>readMessageFrame</method>
      <line>219</line>
    </frame>
    <frame>
      <class>okhttp3.internal.ws.WebSocketReader</class>
      <method>processNextFrame</method>
      <line>105</line>
    </frame>
    <frame>
      <class>okhttp3.internal.ws.RealWebSocket</class>
      <method>loopReader</method>
      <line>273</line>
    </frame>
    <frame>
      <class>okhttp3.internal.ws.RealWebSocket$2</class>
      <method>onResponse</method>
      <line>213</line>
    </frame>
    <frame>
      <class>okhttp3.RealCall$AsyncCall</class>
      <method>execute</method>
      <line>153</line>
    </frame>
    <frame>
      <class>okhttp3.internal.NamedRunnable</class>
      <method>run</method>
      <line>32</line>
    </frame>
    <frame>
      <class>java.util.concurrent.ThreadPoolExecutor</class>
      <method>runWorker</method>
      <line>1128</line>
    </frame>
    <frame>
      <class>java.util.concurrent.ThreadPoolExecutor$Worker</class>
      <method>run</method>
      <line>628</line>
    </frame>
    <frame>
      <class>java.lang.Thread</class>
      <method>run</method>
      <line>834</line>
    </frame>
  </exception>
</record>
<record>
  <date>2019-07-10T18:19:12.004289Z</date>
  <millis>1562782752004</millis>
  <nanos>289000</nanos>
  <sequence>122</sequence>
  <logger>root.DOCKBTC</logger>
  <level>SEVERE</level>
  <class>SimpleTradingBot.Controller.Controller</class>
  <method>onFailure</method>
  <thread>25</thread>
  <message>70:MAX_ORDER_RETRY</message>
  <exception>
    <message>SimpleTradingBot.Exception.STBException: 70:MAX_ORDER_RETRY</message>
    <frame>
      <class>SimpleTradingBot.Controller.Trader</class>
      <method>submit</method>
      <line>331</line>
    </frame>
    <frame>
      <class>SimpleTradingBot.Controller.Trader</class>
      <method>open</method>
      <line>128</line>
    </frame>
    <frame>
      <class>SimpleTradingBot.Controller.Controller</class>
      <method>open</method>
      <line>386</line>
    </frame>
    <frame>
      <class>SimpleTradingBot.Controller.Controller</class>
      <method>onResponse</method>
      <line>310</line>
    </frame>
    <frame>
      <class>SimpleTradingBot.Controller.Controller</class>
      <method>onResponse</method>
      <line>36</line>
    </frame>
    <frame>
      <class>com.binance.api.client.impl.BinanceApiWebSocketListener</class>
      <method>onMessage</method>
      <line>41</line>
    </frame>
    <frame>
      <class>okhttp3.internal.ws.RealWebSocket</class>
      <method>onReadMessage</method>
      <line>322</line>
    </frame>
    <frame>
      <class>okhttp3.internal.ws.WebSocketReader</class>
      <method>readMessageFrame</method>
      <line>219</line>
    </frame>
    <frame>
      <class>okhttp3.internal.ws.WebSocketReader</class>
      <method>processNextFrame</method>
      <line>105</line>
    </frame>
    <frame>
      <class>okhttp3.internal.ws.RealWebSocket</class>
      <method>loopReader</method>
      <line>273</line>
    </frame>
    <frame>
      <class>okhttp3.internal.ws.RealWebSocket$2</class>
      <method>onResponse</method>
      <line>213</line>
    </frame>
    <frame>
      <class>okhttp3.RealCall$AsyncCall</class>
      <method>execute</method>
      <line>153</line>
    </frame>
    <frame>
      <class>okhttp3.internal.NamedRunnable</class>
      <method>run</method>
      <line>32</line>
    </frame>
    <frame>
      <class>java.util.concurrent.ThreadPoolExecutor</class>
      <method>runWorker</method>
      <line>1128</line>
    </frame>
    <frame>
      <class>java.util.concurrent.ThreadPoolExecutor$Worker</class>
      <method>run</method>
      <line>628</line>
    </frame>
    <frame>
      <class>java.lang.Thread</class>
      <method>run</method>
      <line>834</line>
    </frame>
  </exception>
</record>
<record>
  <date>2019-07-10T18:19:12.004884Z</date>
  <millis>1562782752004</millis>
  <nanos>884000</nanos>
  <sequence>123</sequence>
  <logger>root.DOCKBTC</logger>
  <level>WARNING</level>
  <class>SimpleTradingBot.Controller.Controller</class>
  <method>exit</method>
  <thread>25</thread>
  <message>Preparing to exit controller and interrupt thread. </message>
</record>
<record>
  <date>2019-07-10T18:19:12.010787Z</date>
  <millis>1562782752010</millis>
  <nanos>787000</nanos>
  <sequence>124</sequence>
  <logger>root.DOCKBTC</logger>
  <level>WARNING</level>
  <class>SimpleTradingBot.Controller.Controller</class>
  <method>request_deregister</method>
  <thread>25</thread>
  <message>Requesting deregister from AM</message>
</record>
<record>
  <date>2019-07-10T18:19:12.036369Z</date>
  <millis>1562782752036</millis>
  <nanos>369000</nanos>
  <sequence>125</sequence>
  <logger>root.DOCKBTC</logger>
  <level>WARNING</level>
  <class>SimpleTradingBot.Controller.Controller</class>
  <method>exit</method>
  <thread>25</thread>
  <message>Removing filter constraint</message>
</record>
<record>
  <date>2019-07-10T18:19:12.037048Z</date>
  <millis>1562782752037</millis>
  <nanos>48000</nanos>
  <sequence>126</sequence>
  <logger>root.DOCKBTC</logger>
  <level>WARNING</level>
  <class>SimpleTradingBot.Controller.Controller</class>
  <method>exit</method>
  <thread>25</thread>
  <message>Time Elapsed since open: 8s</message>
</record>
</log>
