<?xml version="1.0" encoding="UTF-8" standalone="no"?>
<!DOCTYPE log SYSTEM "logger.dtd">
<log>
<record>
  <date>2019-07-10T18:19:09.169011Z</date>
  <millis>1562782749169</millis>
  <nanos>11000</nanos>
  <sequence>78</sequence>
  <logger>root.DOCKBTC.Trader</logger>
  <level>SEVERE</level>
  <class>SimpleTradingBot.Controller.Trader</class>
  <method>submit</method>
  <thread>25</thread>
  <message>Failed submission. Attempt: 0</message>
  <exception>
    <message>com.binance.api.client.exception.BinanceApiException: Filter failure: MARKET_LOT_SIZE</message>
    <frame>
      <class>com.binance.api.client.impl.BinanceApiServiceGenerator</class>
      <method>executeSync</method>
      <line>77</line>
    </frame>
    <frame>
      <class>com.binance.api.client.impl.BinanceApiRestClientImpl</class>
      <method>newOrderTest</method>
      <line>139</line>
    </frame>
    <frame>
      <class>SimpleTradingBot.Controller.Trader</class>
      <method>submit</method>
      <line>319</line>
    </frame>
    <frame>
      <class>SimpleTradingBot.Controller.Trader</class>
      <method>open</method>
      <line>128</line>
    </frame>
    <frame>
      <class>SimpleTradingBot.Controller.Controller</class>
      <method>open</method>
      <line>386</line>
    </frame>
    <frame>
      <class>SimpleTradingBot.Controller.Controller</class>
      <method>onResponse</method>
      <line>310</line>
    </frame>
    <frame>
      <class>SimpleTradingBot.Controller.Controller</class>
      <method>onResponse</method>
      <line>36</line>
    </frame>
    <frame>
      <class>com.binance.api.client.impl.BinanceApiWebSocketListener</class>
      <method>onMessage</method>
      <line>41</line>
    </frame>
    <frame>
      <class>okhttp3.internal.ws.RealWebSocket</class>
      <method>onReadMessage</method>
      <line>322</line>
    </frame>
    <frame>
      <class>okhttp3.internal.ws.WebSocketReader</class>
      <method>readMessageFrame</method>
      <line>219</line>
    </frame>
    <frame>
      <class>okhttp3.internal.ws.WebSocketReader</class>
      <method>processNextFrame</method>
      <line>105</line>
    </frame>
    <frame>
      <class>okhttp3.internal.ws.RealWebSocket</class>
      <method>loopReader</method>
      <line>273</line>
    </frame>
    <frame>
      <class>okhttp3.internal.ws.RealWebSocket$2</class>
      <method>onResponse</method>
      <line>213</line>
    </frame>
    <frame>
      <class>okhttp3.RealCall$AsyncCall</class>
      <method>execute</method>
      <line>153</line>
    </frame>
    <frame>
      <class>okhttp3.internal.NamedRunnable</class>
      <method>run</method>
      <line>32</line>
    </frame>
    <frame>
      <class>java.util.concurrent.ThreadPoolExecutor</class>
      <method>runWorker</method>
      <line>1128</line>
    </frame>
    <frame>
      <class>java.util.concurrent.ThreadPoolExecutor$Worker</class>
      <method>run</method>
      <line>628</line>
    </frame>
    <frame>
      <class>java.lang.Thread</class>
      <method>run</method>
      <line>834</line>
    </frame>
  </exception>
</record>
<record>
  <date>2019-07-10T18:19:09.512054Z</date>
  <millis>1562782749512</millis>
  <nanos>54000</nanos>
  <sequence>79</sequence>
  <logger>root.DOCKBTC.Trader</logger>
  <level>SEVERE</level>
  <class>SimpleTradingBot.Controller.Trader</class>
  <method>submit</method>
  <thread>25</thread>
  <message>Failed submission. Attempt: 1</message>
  <exception>
    <message>com.binance.api.client.exception.BinanceApiException: Filter failure: MARKET_LOT_SIZE</message>
    <frame>
      <class>com.binance.api.client.impl.BinanceApiServiceGenerator</class>
      <method>executeSync</method>
      <line>77</line>
    </frame>
    <frame>
      <class>com.binance.api.client.impl.BinanceApiRestClientImpl</class>
      <method>newOrderTest</method>
      <line>139</line>
    </frame>
    <frame>
      <class>SimpleTradingBot.Controller.Trader</class>
      <method>submit</method>
      <line>319</line>
    </frame>
    <frame>
      <class>SimpleTradingBot.Controller.Trader</class>
      <method>open</method>
      <line>128</line>
    </frame>
    <frame>
      <class>SimpleTradingBot.Controller.Controller</class>
      <method>open</method>
      <line>386</line>
    </frame>
    <frame>
      <class>SimpleTradingBot.Controller.Controller</class>
      <method>onResponse</method>
      <line>310</line>
    </frame>
    <frame>
      <class>SimpleTradingBot.Controller.Controller</class>
      <method>onResponse</method>
      <line>36</line>
    </frame>
    <frame>
      <class>com.binance.api.client.impl.BinanceApiWebSocketListener</class>
      <method>onMessage</method>
      <line>41</line>
    </frame>
    <frame>
      <class>okhttp3.internal.ws.RealWebSocket</class>
      <method>onReadMessage</method>
      <line>322</line>
    </frame>
    <frame>
      <class>okhttp3.internal.ws.WebSocketReader</class>
      <method>readMessageFrame</method>
      <line>219</line>
    </frame>
    <frame>
      <class>okhttp3.internal.ws.WebSocketReader</class>
      <method>processNextFrame</method>
      <line>105</line>
    </frame>
    <frame>
      <class>okhttp3.internal.ws.RealWebSocket</class>
      <method>loopReader</method>
      <line>273</line>
    </frame>
    <frame>
      <class>okhttp3.internal.ws.RealWebSocket$2</class>
      <method>onResponse</method>
      <line>213</line>
    </frame>
    <frame>
      <class>okhttp3.RealCall$AsyncCall</class>
      <method>execute</method>
      <line>153</line>
    </frame>
    <frame>
      <class>okhttp3.internal.NamedRunnable</class>
      <method>run</method>
      <line>32</line>
    </frame>
    <frame>
      <class>java.util.concurrent.ThreadPoolExecutor</class>
      <method>runWorker</method>
      <line>1128</line>
    </frame>
    <frame>
      <class>java.util.concurrent.ThreadPoolExecutor$Worker</class>
      <method>run</method>
      <line>628</line>
    </frame>
    <frame>
      <class>java.lang.Thread</class>
      <method>run</method>
      <line>834</line>
    </frame>
  </exception>
</record>
<record>
  <date>2019-07-10T18:19:10.490825Z</date>
  <millis>1562782750490</millis>
  <nanos>825000</nanos>
  <sequence>113</sequence>
  <logger>root.DOCKBTC.Trader</logger>
  <level>SEVERE</level>
  <class>SimpleTradingBot.Controller.Trader</class>
  <method>submit</method>
  <thread>25</thread>
  <message>Failed submission. Attempt: 2</message>
  <exception>
    <message>com.binance.api.client.exception.BinanceApiException: Filter failure: MARKET_LOT_SIZE</message>
    <frame>
      <class>com.binance.api.client.impl.BinanceApiServiceGenerator</class>
      <method>executeSync</method>
      <line>77</line>
    </frame>
    <frame>
      <class>com.binance.api.client.impl.BinanceApiRestClientImpl</class>
      <method>newOrderTest</method>
      <line>139</line>
    </frame>
    <frame>
      <class>SimpleTradingBot.Controller.Trader</class>
      <method>submit</method>
      <line>319</line>
    </frame>
    <frame>
      <class>SimpleTradingBot.Controller.Trader</class>
      <method>open</method>
      <line>128</line>
    </frame>
    <frame>
      <class>SimpleTradingBot.Controller.Controller</class>
      <method>open</method>
      <line>386</line>
    </frame>
    <frame>
      <class>SimpleTradingBot.Controller.Controller</class>
      <method>onResponse</method>
      <line>310</line>
    </frame>
    <frame>
      <class>SimpleTradingBot.Controller.Controller</class>
      <method>onResponse</method>
      <line>36</line>
    </frame>
    <frame>
      <class>com.binance.api.client.impl.BinanceApiWebSocketListener</class>
      <method>onMessage</method>
      <line>41</line>
    </frame>
    <frame>
      <class>okhttp3.internal.ws.RealWebSocket</class>
      <method>onReadMessage</method>
      <line>322</line>
    </frame>
    <frame>
      <class>okhttp3.internal.ws.WebSocketReader</class>
      <method>readMessageFrame</method>
      <line>219</line>
    </frame>
    <frame>
      <class>okhttp3.internal.ws.WebSocketReader</class>
      <method>processNextFrame</method>
      <line>105</line>
    </frame>
    <frame>
      <class>okhttp3.internal.ws.RealWebSocket</class>
      <method>loopReader</method>
      <line>273</line>
    </frame>
    <frame>
      <class>okhttp3.internal.ws.RealWebSocket$2</class>
      <method>onResponse</method>
      <line>213</line>
    </frame>
    <frame>
      <class>okhttp3.RealCall$AsyncCall</class>
      <method>execute</method>
      <line>153</line>
    </frame>
    <frame>
      <class>okhttp3.internal.NamedRunnable</class>
      <method>run</method>
      <line>32</line>
    </frame>
    <frame>
      <class>java.util.concurrent.ThreadPoolExecutor</class>
      <method>runWorker</method>
      <line>1128</line>
    </frame>
    <frame>
      <class>java.util.concurrent.ThreadPoolExecutor$Worker</class>
      <method>run</method>
      <line>628</line>
    </frame>
    <frame>
      <class>java.lang.Thread</class>
      <method>run</method>
      <line>834</line>
    </frame>
  </exception>
</record>
<record>
  <date>2019-07-10T18:19:11.642192Z</date>
  <millis>1562782751642</millis>
  <nanos>192000</nanos>
  <sequence>120</sequence>
  <logger>root.DOCKBTC.Trader</logger>
  <level>SEVERE</level>
  <class>SimpleTradingBot.Controller.Trader</class>
  <method>submit</method>
  <thread>25</thread>
  <message>Failed submission. Attempt: 3</message>
  <exception>
    <message>com.binance.api.client.exception.BinanceApiException: Filter failure: MARKET_LOT_SIZE</message>
    <frame>
      <class>com.binance.api.client.impl.BinanceApiServiceGenerator</class>
      <method>executeSync</method>
      <line>77</line>
    </frame>
    <frame>
      <class>com.binance.api.client.impl.BinanceApiRestClientImpl</class>
      <method>newOrderTest</method>
      <line>139</line>
    </frame>
    <frame>
      <class>SimpleTradingBot.Controller.Trader</class>
      <method>submit</method>
      <line>319</line>
    </frame>
    <frame>
      <class>SimpleTradingBot.Controller.Trader</class>
      <method>open</method>
      <line>128</line>
    </frame>
    <frame>
      <class>SimpleTradingBot.Controller.Controller</class>
      <method>open</method>
      <line>386</line>
    </frame>
    <frame>
      <class>SimpleTradingBot.Controller.Controller</class>
      <method>onResponse</method>
      <line>310</line>
    </frame>
    <frame>
      <class>SimpleTradingBot.Controller.Controller</class>
      <method>onResponse</method>
      <line>36</line>
    </frame>
    <frame>
      <class>com.binance.api.client.impl.BinanceApiWebSocketListener</class>
      <method>onMessage</method>
      <line>41</line>
    </frame>
    <frame>
      <class>okhttp3.internal.ws.RealWebSocket</class>
      <method>onReadMessage</method>
      <line>322</line>
    </frame>
    <frame>
      <class>okhttp3.internal.ws.WebSocketReader</class>
      <method>readMessageFrame</method>
      <line>219</line>
    </frame>
    <frame>
      <class>okhttp3.internal.ws.WebSocketReader</class>
      <method>processNextFrame</method>
      <line>105</line>
    </frame>
    <frame>
      <class>okhttp3.internal.ws.RealWebSocket</class>
      <method>loopReader</method>
      <line>273</line>
    </frame>
    <frame>
      <class>okhttp3.internal.ws.RealWebSocket$2</class>
      <method>onResponse</method>
      <line>213</line>
    </frame>
    <frame>
      <class>okhttp3.RealCall$AsyncCall</class>
      <method>execute</method>
      <line>153</line>
    </frame>
    <frame>
      <class>okhttp3.internal.NamedRunnable</class>
      <method>run</method>
      <line>32</line>
    </frame>
    <frame>
      <class>java.util.concurrent.ThreadPoolExecutor</class>
      <method>runWorker</method>
      <line>1128</line>
    </frame>
    <frame>
      <class>java.util.concurrent.ThreadPoolExecutor$Worker</class>
      <method>run</method>
      <line>628</line>
    </frame>
    <frame>
      <class>java.lang.Thread</class>
      <method>run</method>
      <line>834</line>
    </frame>
  </exception>
</record>
<record>
  <date>2019-07-10T18:19:11.993942Z</date>
  <millis>1562782751993</millis>
  <nanos>942000</nanos>
  <sequence>121</sequence>
  <logger>root.DOCKBTC.Trader</logger>
  <level>SEVERE</level>
  <class>SimpleTradingBot.Controller.Trader</class>
  <method>submit</method>
  <thread>25</thread>
  <message>Failed submission. Attempt: 4</message>
  <exception>
    <message>com.binance.api.client.exception.BinanceApiException: Filter failure: MARKET_LOT_SIZE</message>
    <frame>
      <class>com.binance.api.client.impl.BinanceApiServiceGenerator</class>
      <method>executeSync</method>
      <line>77</line>
    </frame>
    <frame>
      <class>com.binance.api.client.impl.BinanceApiRestClientImpl</class>
      <method>newOrderTest</method>
      <line>139</line>
    </frame>
    <frame>
      <class>SimpleTradingBot.Controller.Trader</class>
      <method>submit</method>
      <line>319</line>
    </frame>
    <frame>
      <class>SimpleTradingBot.Controller.Trader</class>
      <method>open</method>
      <line>128</line>
    </frame>
    <frame>
      <class>SimpleTradingBot.Controller.Controller</class>
      <method>open</method>
      <line>386</line>
    </frame>
    <frame>
      <class>SimpleTradingBot.Controller.Controller</class>
      <method>onResponse</method>
      <line>310</line>
    </frame>
    <frame>
      <class>SimpleTradingBot.Controller.Controller</class>
      <method>onResponse</method>
      <line>36</line>
    </frame>
    <frame>
      <class>com.binance.api.client.impl.BinanceApiWebSocketListener</class>
      <method>onMessage</method>
      <line>41</line>
    </frame>
    <frame>
      <class>okhttp3.internal.ws.RealWebSocket</class>
      <method>onReadMessage</method>
      <line>322</line>
    </frame>
    <frame>
      <class>okhttp3.internal.ws.WebSocketReader</class>
      <method>readMessageFrame</method>
      <line>219</line>
    </frame>
    <frame>
      <class>okhttp3.internal.ws.WebSocketReader</class>
      <method>processNextFrame</method>
      <line>105</line>
    </frame>
    <frame>
      <class>okhttp3.internal.ws.RealWebSocket</class>
      <method>loopReader</method>
      <line>273</line>
    </frame>
    <frame>
      <class>okhttp3.internal.ws.RealWebSocket$2</class>
      <method>onResponse</method>
      <line>213</line>
    </frame>
    <frame>
      <class>okhttp3.RealCall$AsyncCall</class>
      <method>execute</method>
      <line>153</line>
    </frame>
    <frame>
      <class>okhttp3.internal.NamedRunnable</class>
      <method>run</method>
      <line>32</line>
    </frame>
    <frame>
      <class>java.util.concurrent.ThreadPoolExecutor</class>
      <method>runWorker</method>
      <line>1128</line>
    </frame>
    <frame>
      <class>java.util.concurrent.ThreadPoolExecutor$Worker</class>
      <method>run</method>
      <line>628</line>
    </frame>
    <frame>
      <class>java.lang.Thread</class>
      <method>run</method>
      <line>834</line>
    </frame>
  </exception>
</record>
<record>
  <date>2019-07-10T18:19:12.004289Z</date>
  <millis>1562782752004</millis>
  <nanos>289000</nanos>
  <sequence>122</sequence>
  <logger>root.DOCKBTC</logger>
  <level>SEVERE</level>
  <class>SimpleTradingBot.Controller.Controller</class>
  <method>onFailure</method>
  <thread>25</thread>
  <message>70:MAX_ORDER_RETRY</message>
  <exception>
    <message>SimpleTradingBot.Exception.STBException: 70:MAX_ORDER_RETRY</message>
    <frame>
      <class>SimpleTradingBot.Controller.Trader</class>
      <method>submit</method>
      <line>331</line>
    </frame>
    <frame>
      <class>SimpleTradingBot.Controller.Trader</class>
      <method>open</method>
      <line>128</line>
    </frame>
    <frame>
      <class>SimpleTradingBot.Controller.Controller</class>
      <method>open</method>
      <line>386</line>
    </frame>
    <frame>
      <class>SimpleTradingBot.Controller.Controller</class>
      <method>onResponse</method>
      <line>310</line>
    </frame>
    <frame>
      <class>SimpleTradingBot.Controller.Controller</class>
      <method>onResponse</method>
      <line>36</line>
    </frame>
    <frame>
      <class>com.binance.api.client.impl.BinanceApiWebSocketListener</class>
      <method>onMessage</method>
      <line>41</line>
    </frame>
    <frame>
      <class>okhttp3.internal.ws.RealWebSocket</class>
      <method>onReadMessage</method>
      <line>322</line>
    </frame>
    <frame>
      <class>okhttp3.internal.ws.WebSocketReader</class>
      <method>readMessageFrame</method>
      <line>219</line>
    </frame>
    <frame>
      <class>okhttp3.internal.ws.WebSocketReader</class>
      <method>processNextFrame</method>
      <line>105</line>
    </frame>
    <frame>
      <class>okhttp3.internal.ws.RealWebSocket</class>
      <method>loopReader</method>
      <line>273</line>
    </frame>
    <frame>
      <class>okhttp3.internal.ws.RealWebSocket$2</class>
      <method>onResponse</method>
      <line>213</line>
    </frame>
    <frame>
      <class>okhttp3.RealCall$AsyncCall</class>
      <method>execute</method>
      <line>153</line>
    </frame>
    <frame>
      <class>okhttp3.internal.NamedRunnable</class>
      <method>run</method>
      <line>32</line>
    </frame>
    <frame>
      <class>java.util.concurrent.ThreadPoolExecutor</class>
      <method>runWorker</method>
      <line>1128</line>
    </frame>
    <frame>
      <class>java.util.concurrent.ThreadPoolExecutor$Worker</class>
      <method>run</method>
      <line>628</line>
    </frame>
    <frame>
      <class>java.lang.Thread</class>
      <method>run</method>
      <line>834</line>
    </frame>
  </exception>
</record>
<record>
  <date>2019-07-10T18:19:12.004884Z</date>
  <millis>1562782752004</millis>
  <nanos>884000</nanos>
  <sequence>123</sequence>
  <logger>root.DOCKBTC</logger>
  <level>WARNING</level>
  <class>SimpleTradingBot.Controller.Controller</class>
  <method>exit</method>
  <thread>25</thread>
  <message>Preparing to exit controller and interrupt thread. </message>
</record>
<record>
  <date>2019-07-10T18:19:12.010787Z</date>
  <millis>1562782752010</millis>
  <nanos>787000</nanos>
  <sequence>124</sequence>
  <logger>root.DOCKBTC</logger>
  <level>WARNING</level>
  <class>SimpleTradingBot.Controller.Controller</class>
  <method>request_deregister</method>
  <thread>25</thread>
  <message>Requesting deregister from AM</message>
</record>
<record>
  <date>2019-07-10T18:19:12.036369Z</date>
  <millis>1562782752036</millis>
  <nanos>369000</nanos>
  <sequence>125</sequence>
  <logger>root.DOCKBTC</logger>
  <level>WARNING</level>
  <class>SimpleTradingBot.Controller.Controller</class>
  <method>exit</method>
  <thread>25</thread>
  <message>Removing filter constraint</message>
</record>
<record>
  <date>2019-07-10T18:19:12.037048Z</date>
  <millis>1562782752037</millis>
  <nanos>48000</nanos>
  <sequence>126</sequence>
  <logger>root.DOCKBTC</logger>
  <level>WARNING</level>
  <class>SimpleTradingBot.Controller.Controller</class>
  <method>exit</method>
  <thread>25</thread>
  <message>Time Elapsed since open: 8s</message>
</record>
<record>
  <date>2019-07-10T18:20:10.709658Z</date>
  <millis>1562782810709</millis>
  <nanos>658000</nanos>
  <sequence>168</sequence>
  <logger>root.am</logger>
  <level>WARNING</level>
  <class>SimpleTradingBot.Services.HeartBeat</class>
  <method>deregister</method>
  <thread>30</thread>
  <message>Attempting deregister of symbol: DOCKBTC</message>
</record>
<record>
  <date>2019-07-10T18:20:10.712978Z</date>
  <millis>1562782810712</millis>
  <nanos>978000</nanos>
  <sequence>169</sequence>
  <logger>root.am</logger>
  <level>WARNING</level>
  <class>SimpleTradingBot.Services.HeartBeat</class>
  <method>deregister</method>
  <thread>30</thread>
  <message>Deregistering: DOCKBTC</message>
</record>
</log>
